Scenario - Set2
Logfile written - 02/15/2018 12:02:32

Subject	Trial	Event Type	Code	Time	TTime	Uncertainty	Duration	Uncertainty	ReqTime	ReqDur	Stim Type	Pair Index

S08_session1_set2_run2	0	Response	1	343085	343085	0
S08_session1_set2_run2	0	Pulse	1	343085	343085	0
S08_session1_set2_run2	0	Response	1	384175	384175	0
S08_session1_set2_run2	0	Pulse	1	384175	384175	0
S08_session1_set2_run2	1	Picture	BL	384953	0	101	773292	101	0	next	other	0
S08_session1_set2_run2	1	Response	1	425265	40312	0
S08_session1_set2_run2	1	Pulse	1	425265	40312	0
S08_session1_set2_run2	1	Response	1	464955	80001	1401
S08_session1_set2_run2	1	Pulse	1	464955	80001	1401
S08_session1_set2_run2	1	Response	1	507445	122492	0
S08_session1_set2_run2	1	Pulse	1	507445	122492	0
S08_session1_set2_run2	1	Video	Action1	507487	122534	1			0		other	0
S08_session1_set2_run2	1	Response	1	548535	163582	0
S08_session1_set2_run2	1	Pulse	1	548535	163582	0
S08_session1_set2_run2	1	Response	1	589625	204672	0
S08_session1_set2_run2	1	Pulse	1	589625	204672	0
S08_session1_set2_run2	1	Response	1	630705	245752	1
S08_session1_set2_run2	1	Pulse	1	630705	245752	1
S08_session1_set2_run2	1	Response	1	671795	286841	0
S08_session1_set2_run2	1	Pulse	1	671795	286841	0
S08_session1_set2_run2	1	Response	1	712885	327932	0
S08_session1_set2_run2	1	Pulse	1	712885	327932	0
S08_session1_set2_run2	1	Response	1	753975	369021	0
S08_session1_set2_run2	1	Pulse	1	753975	369021	0
S08_session1_set2_run2	1	Response	1	795065	410112	0
S08_session1_set2_run2	1	Pulse	1	795065	410112	0
S08_session1_set2_run2	1	Response	1	836155	451202	0
S08_session1_set2_run2	1	Pulse	1	836155	451202	0
S08_session1_set2_run2	1	Response	1	877245	492291	0
S08_session1_set2_run2	1	Pulse	1	877245	492291	0
S08_session1_set2_run2	1	Response	1	918335	533382	0
S08_session1_set2_run2	1	Pulse	1	918335	533382	0
S08_session1_set2_run2	1	Response	1	959425	574471	0
S08_session1_set2_run2	1	Pulse	1	959425	574471	0
S08_session1_set2_run2	1	Response	1	1000515	615561	0
S08_session1_set2_run2	1	Pulse	1	1000515	615561	0
S08_session1_set2_run2	1	Response	1	1041605	656652	0
S08_session1_set2_run2	1	Pulse	1	1041605	656652	0
S08_session1_set2_run2	1	Response	1	1082695	697742	1
S08_session1_set2_run2	1	Pulse	1	1082695	697742	1
S08_session1_set2_run2	1	Response	1	1123785	738832	0
S08_session1_set2_run2	1	Pulse	1	1123785	738832	0
S08_session1_set2_run2	2	Picture	BL	1158245	0	1	709683	1	0	next	other	0
S08_session1_set2_run2	2	Response	1	1164876	6630	0
S08_session1_set2_run2	2	Pulse	1	1164876	6630	0
S08_session1_set2_run2	2	Response	1	1205965	47720	0
S08_session1_set2_run2	2	Pulse	1	1205965	47720	0
S08_session1_set2_run2	2	Response	1	1247055	88810	0
S08_session1_set2_run2	2	Pulse	1	1247055	88810	0
S08_session1_set2_run2	2	Video	Action2	1247091	88846	1			0		other	0
S08_session1_set2_run2	2	Response	1	1288145	129900	0
S08_session1_set2_run2	2	Pulse	1	1288145	129900	0
S08_session1_set2_run2	2	Response	1	1329235	170990	0
S08_session1_set2_run2	2	Pulse	1	1329235	170990	0
S08_session1_set2_run2	2	Response	1	1370325	212080	1
S08_session1_set2_run2	2	Pulse	1	1370325	212080	1
S08_session1_set2_run2	2	Response	1	1411415	253170	0
S08_session1_set2_run2	2	Pulse	1	1411415	253170	0
S08_session1_set2_run2	2	Response	1	1452505	294260	0
S08_session1_set2_run2	2	Pulse	1	1452505	294260	0
S08_session1_set2_run2	2	Response	1	1493595	335350	0
S08_session1_set2_run2	2	Pulse	1	1493595	335350	0
S08_session1_set2_run2	2	Response	1	1534685	376440	0
S08_session1_set2_run2	2	Pulse	1	1534685	376440	0
S08_session1_set2_run2	2	Response	1	1575775	417530	0
S08_session1_set2_run2	2	Pulse	1	1575775	417530	0
S08_session1_set2_run2	2	Response	1	1616865	458620	0
S08_session1_set2_run2	2	Pulse	1	1616865	458620	0
S08_session1_set2_run2	2	Response	1	1657955	499710	0
S08_session1_set2_run2	2	Pulse	1	1657955	499710	0
S08_session1_set2_run2	2	Response	1	1699045	540800	0
S08_session1_set2_run2	2	Pulse	1	1699045	540800	0
S08_session1_set2_run2	2	Response	1	1740135	581890	0
S08_session1_set2_run2	2	Pulse	1	1740135	581890	0
S08_session1_set2_run2	2	Response	1	1781225	622980	0
S08_session1_set2_run2	2	Pulse	1	1781225	622980	0
S08_session1_set2_run2	2	Response	1	1822315	664070	1
S08_session1_set2_run2	2	Pulse	1	1822315	664070	1
S08_session1_set2_run2	2	Response	1	1863405	705160	0
S08_session1_set2_run2	2	Pulse	1	1863405	705160	0
S08_session1_set2_run2	3	Picture	BL	1867928	0	1	769691	1	0	next	other	0
S08_session1_set2_run2	3	Response	1	1904496	36568	0
S08_session1_set2_run2	3	Pulse	1	1904496	36568	0
S08_session1_set2_run2	3	Response	1	1945585	77658	0
S08_session1_set2_run2	3	Pulse	1	1945585	77658	0
S08_session1_set2_run2	3	Response	1	1986676	118748	0
S08_session1_set2_run2	3	Pulse	1	1986676	118748	0
S08_session1_set2_run2	3	Video	Action3	1986778	118850	1			0		other	0
S08_session1_set2_run2	3	Response	1	2027765	159838	0
S08_session1_set2_run2	3	Pulse	1	2027765	159838	0
S08_session1_set2_run2	3	Response	1	2068855	200927	0
S08_session1_set2_run2	3	Pulse	1	2068855	200927	0
S08_session1_set2_run2	3	Response	1	2109945	242017	1
S08_session1_set2_run2	3	Pulse	1	2109945	242017	1
S08_session1_set2_run2	3	Response	1	2151036	283108	0
S08_session1_set2_run2	3	Pulse	1	2151036	283108	0
S08_session1_set2_run2	3	Response	1	2192125	324197	0
S08_session1_set2_run2	3	Pulse	1	2192125	324197	0
S08_session1_set2_run2	3	Response	1	2233215	365287	0
S08_session1_set2_run2	3	Pulse	1	2233215	365287	0
S08_session1_set2_run2	3	Response	1	2274305	406377	0
S08_session1_set2_run2	3	Pulse	1	2274305	406377	0
S08_session1_set2_run2	3	Response	1	2315395	447467	0
S08_session1_set2_run2	3	Pulse	1	2315395	447467	0
S08_session1_set2_run2	3	Response	1	2356485	488557	0
S08_session1_set2_run2	3	Pulse	1	2356485	488557	0
S08_session1_set2_run2	3	Response	1	2397575	529647	1
S08_session1_set2_run2	3	Pulse	1	2397575	529647	1
S08_session1_set2_run2	3	Response	1	2438665	570737	0
S08_session1_set2_run2	3	Pulse	1	2438665	570737	0
S08_session1_set2_run2	3	Response	1	2479755	611828	0
S08_session1_set2_run2	3	Pulse	1	2479755	611828	0
S08_session1_set2_run2	3	Response	1	2520845	652918	0
S08_session1_set2_run2	3	Pulse	1	2520845	652918	0
S08_session1_set2_run2	3	Response	1	2561935	694007	1
S08_session1_set2_run2	3	Pulse	1	2561935	694007	1
S08_session1_set2_run2	3	Response	1	2603025	735098	0
S08_session1_set2_run2	3	Pulse	1	2603025	735098	0
S08_session1_set2_run2	4	Picture	BL	2637619	0	1	579414	1	0	next	other	0
S08_session1_set2_run2	4	Response	1	2644116	6497	0
S08_session1_set2_run2	4	Pulse	1	2644116	6497	0
S08_session1_set2_run2	4	Response	1	2685195	47577	0
S08_session1_set2_run2	4	Pulse	1	2685195	47577	0
S08_session1_set2_run2	4	Response	1	2726286	88667	0
S08_session1_set2_run2	4	Pulse	1	2726286	88667	0
S08_session1_set2_run2	4	Video	Action4	2726381	88762	1			0		other	0
S08_session1_set2_run2	4	Response	1	2767375	129757	0
S08_session1_set2_run2	4	Pulse	1	2767375	129757	0
S08_session1_set2_run2	4	Response	1	2808465	170847	0
S08_session1_set2_run2	4	Pulse	1	2808465	170847	0
S08_session1_set2_run2	4	Response	1	2849555	211937	0
S08_session1_set2_run2	4	Pulse	1	2849555	211937	0
S08_session1_set2_run2	4	Response	1	2890645	253027	0
S08_session1_set2_run2	4	Pulse	1	2890645	253027	0
S08_session1_set2_run2	4	Response	1	2931735	294117	0
S08_session1_set2_run2	4	Pulse	1	2931735	294117	0
S08_session1_set2_run2	4	Response	1	2972825	335207	0
S08_session1_set2_run2	4	Pulse	1	2972825	335207	0
S08_session1_set2_run2	4	Response	1	3013915	376296	1
S08_session1_set2_run2	4	Pulse	1	3013915	376296	1
S08_session1_set2_run2	4	Response	1	3055005	417387	0
S08_session1_set2_run2	4	Pulse	1	3055005	417387	0
S08_session1_set2_run2	4	Response	1	3096095	458477	0
S08_session1_set2_run2	4	Pulse	1	3096095	458477	0
S08_session1_set2_run2	4	Response	1	3137185	499567	0
S08_session1_set2_run2	4	Pulse	1	3137185	499567	0
S08_session1_set2_run2	4	Response	1	3178275	540656	0
S08_session1_set2_run2	4	Pulse	1	3178275	540656	0
S08_session1_set2_run2	5	Picture	BL	3217033	0	1	705349	1	0	next	other	0
S08_session1_set2_run2	5	Response	1	3219366	2332	0
S08_session1_set2_run2	5	Pulse	1	3219366	2332	0
S08_session1_set2_run2	5	Response	1	3260455	43422	0
S08_session1_set2_run2	5	Pulse	1	3260455	43422	0
S08_session1_set2_run2	5	Response	1	3301546	84513	0
S08_session1_set2_run2	5	Pulse	1	3301546	84513	0
S08_session1_set2_run2	5	Video	Action5	3301628	84595	1			0		other	0
S08_session1_set2_run2	5	Response	1	3342635	125602	0
S08_session1_set2_run2	5	Pulse	1	3342635	125602	0
S08_session1_set2_run2	5	Response	1	3383725	166692	0
S08_session1_set2_run2	5	Pulse	1	3383725	166692	0
S08_session1_set2_run2	5	Response	1	3424815	207782	0
S08_session1_set2_run2	5	Pulse	1	3424815	207782	0
S08_session1_set2_run2	5	Response	1	3465905	248872	0
S08_session1_set2_run2	5	Pulse	1	3465905	248872	0
S08_session1_set2_run2	5	Response	1	3506995	289962	0
S08_session1_set2_run2	5	Pulse	1	3506995	289962	0
S08_session1_set2_run2	5	Response	1	3548085	331052	0
S08_session1_set2_run2	5	Pulse	1	3548085	331052	0
S08_session1_set2_run2	5	Response	1	3589176	372142	1
S08_session1_set2_run2	5	Pulse	1	3589176	372142	1
S08_session1_set2_run2	5	Response	1	3630265	413232	0
S08_session1_set2_run2	5	Pulse	1	3630265	413232	0
S08_session1_set2_run2	5	Response	1	3671355	454322	0
S08_session1_set2_run2	5	Pulse	1	3671355	454322	0
S08_session1_set2_run2	5	Response	1	3712446	495413	0
S08_session1_set2_run2	5	Pulse	1	3712446	495413	0
S08_session1_set2_run2	5	Response	1	3753535	536502	0
S08_session1_set2_run2	5	Pulse	1	3753535	536502	0
S08_session1_set2_run2	5	Response	1	3794625	577592	0
S08_session1_set2_run2	5	Pulse	1	3794625	577592	0
S08_session1_set2_run2	5	Response	1	3835715	618682	0
S08_session1_set2_run2	5	Pulse	1	3835715	618682	0
S08_session1_set2_run2	5	Response	1	3876806	659772	0
S08_session1_set2_run2	5	Pulse	1	3876806	659772	0
S08_session1_set2_run2	5	Response	1	3917895	700862	0
S08_session1_set2_run2	5	Pulse	1	3917895	700862	0
S08_session1_set2_run2	6	Picture	BL	3922382	0	1	539575	1	0	next	other	0
S08_session1_set2_run2	6	Response	1	3958986	36605	0
S08_session1_set2_run2	6	Pulse	1	3958986	36605	0
S08_session1_set2_run2	6	Response	1	4000076	77694	0
S08_session1_set2_run2	6	Pulse	1	4000076	77694	0
S08_session1_set2_run2	6	Response	1	4041166	118784	0
S08_session1_set2_run2	6	Pulse	1	4041166	118784	0
S08_session1_set2_run2	6	Video	Action6	4041232	118850	1			0		other	0
S08_session1_set2_run2	6	Response	1	4082255	159874	0
S08_session1_set2_run2	6	Pulse	1	4082255	159874	0
S08_session1_set2_run2	6	Response	1	4123346	200964	0
S08_session1_set2_run2	6	Pulse	1	4123346	200964	0
S08_session1_set2_run2	6	Response	1	4164436	242054	0
S08_session1_set2_run2	6	Pulse	1	4164436	242054	0
S08_session1_set2_run2	6	Response	1	4205526	283144	0
S08_session1_set2_run2	6	Pulse	1	4205526	283144	0
S08_session1_set2_run2	6	Response	1	4246616	324234	0
S08_session1_set2_run2	6	Pulse	1	4246616	324234	0
S08_session1_set2_run2	6	Response	1	4287706	365324	0
S08_session1_set2_run2	6	Pulse	1	4287706	365324	0
S08_session1_set2_run2	6	Response	1	4328795	406414	0
S08_session1_set2_run2	6	Pulse	1	4328795	406414	0
S08_session1_set2_run2	6	Response	1	4369885	447504	0
S08_session1_set2_run2	6	Pulse	1	4369885	447504	0
S08_session1_set2_run2	6	Response	1	4410975	488594	0
S08_session1_set2_run2	6	Pulse	1	4410975	488594	0
S08_session1_set2_run2	6	Response	1	4452065	529684	0
S08_session1_set2_run2	6	Pulse	1	4452065	529684	0
S08_session1_set2_run2	7	Picture	BL	4461957	0	1	604251	1	0	next	other	0
S08_session1_set2_run2	7	Response	1	4493156	31199	0
S08_session1_set2_run2	7	Pulse	1	4493156	31199	0
S08_session1_set2_run2	7	Response	1	4534246	72288	0
S08_session1_set2_run2	7	Pulse	1	4534246	72288	0
S08_session1_set2_run2	7	Response	1	4575336	113379	0
S08_session1_set2_run2	7	Pulse	1	4575336	113379	0
S08_session1_set2_run2	7	Video	Action7	4575390	113432	1			0		other	0
S08_session1_set2_run2	7	Response	1	4616425	154468	0
S08_session1_set2_run2	7	Pulse	1	4616425	154468	0
S08_session1_set2_run2	7	Response	1	4657516	195558	0
S08_session1_set2_run2	7	Pulse	1	4657516	195558	0
S08_session1_set2_run2	7	Response	1	4698605	236648	0
S08_session1_set2_run2	7	Pulse	1	4698605	236648	0
S08_session1_set2_run2	7	Response	1	4739685	277728	0
S08_session1_set2_run2	7	Pulse	1	4739685	277728	0
S08_session1_set2_run2	7	Response	1	4780776	318818	0
S08_session1_set2_run2	7	Pulse	1	4780776	318818	0
S08_session1_set2_run2	7	Response	1	4821865	359908	0
S08_session1_set2_run2	7	Pulse	1	4821865	359908	0
S08_session1_set2_run2	7	Response	1	4862953	400996	3
S08_session1_set2_run2	7	Pulse	1	4862953	400996	3
S08_session1_set2_run2	7	Response	1	4904046	442088	0
S08_session1_set2_run2	7	Pulse	1	4904046	442088	0
S08_session1_set2_run2	7	Response	1	4945136	483178	0
S08_session1_set2_run2	7	Pulse	1	4945136	483178	0
S08_session1_set2_run2	7	Response	1	4986225	524268	0
S08_session1_set2_run2	7	Pulse	1	4986225	524268	0
S08_session1_set2_run2	7	Response	1	5027316	565358	0
S08_session1_set2_run2	7	Pulse	1	5027316	565358	0
S08_session1_set2_run2	8	Picture	BL	5066208	0	1	525157	1	0	next	other	0
S08_session1_set2_run2	8	Response	1	5068406	2198	0
S08_session1_set2_run2	8	Pulse	1	5068406	2198	0
S08_session1_set2_run2	8	Response	1	5109496	43287	0
S08_session1_set2_run2	8	Pulse	1	5109496	43287	0
S08_session1_set2_run2	8	Response	1	5150586	84378	0
S08_session1_set2_run2	8	Pulse	1	5150586	84378	0
S08_session1_set2_run2	8	Video	Action8	5150637	84428	1			0		other	0
S08_session1_set2_run2	8	Response	1	5191676	125467	0
S08_session1_set2_run2	8	Pulse	1	5191676	125467	0
S08_session1_set2_run2	8	Response	1	5232766	166557	0
S08_session1_set2_run2	8	Pulse	1	5232766	166557	0
S08_session1_set2_run2	8	Response	1	5273855	207647	0
S08_session1_set2_run2	8	Pulse	1	5273855	207647	0
S08_session1_set2_run2	8	Response	1	5314946	248737	0
S08_session1_set2_run2	8	Pulse	1	5314946	248737	0
S08_session1_set2_run2	8	Response	1	5356036	289827	0
S08_session1_set2_run2	8	Pulse	1	5356036	289827	0
S08_session1_set2_run2	8	Response	1	5397126	330917	0
S08_session1_set2_run2	8	Pulse	1	5397126	330917	0
S08_session1_set2_run2	8	Response	1	5438215	372007	1
S08_session1_set2_run2	8	Pulse	1	5438215	372007	1
S08_session1_set2_run2	8	Response	1	5479306	413097	0
S08_session1_set2_run2	8	Pulse	1	5479306	413097	0
S08_session1_set2_run2	8	Response	1	5520396	454187	0
S08_session1_set2_run2	8	Pulse	1	5520396	454187	0
S08_session1_set2_run2	8	Response	1	5561486	495277	0
S08_session1_set2_run2	8	Pulse	1	5561486	495277	0
S08_session1_set2_run2	9	Picture	BL	5591365	0	1	514155	1	0	next	other	0
S08_session1_set2_run2	9	Response	1	5602577	11211	0
S08_session1_set2_run2	9	Pulse	1	5602577	11211	0
S08_session1_set2_run2	9	Response	1	5643666	52301	0
S08_session1_set2_run2	9	Pulse	1	5643666	52301	0
S08_session1_set2_run2	9	Response	1	5684756	93391	0
S08_session1_set2_run2	9	Pulse	1	5684756	93391	0
S08_session1_set2_run2	9	Video	Action9	5684795	93430	1			0		other	0
S08_session1_set2_run2	9	Response	1	5725846	134480	0
S08_session1_set2_run2	9	Pulse	1	5725846	134480	0
S08_session1_set2_run2	9	Response	1	5766936	175570	0
S08_session1_set2_run2	9	Pulse	1	5766936	175570	0
S08_session1_set2_run2	9	Response	1	5808026	216661	0
S08_session1_set2_run2	9	Pulse	1	5808026	216661	0
S08_session1_set2_run2	9	Response	1	5849116	257751	0
S08_session1_set2_run2	9	Pulse	1	5849116	257751	0
S08_session1_set2_run2	9	Response	1	5890206	298841	0
S08_session1_set2_run2	9	Pulse	1	5890206	298841	0
S08_session1_set2_run2	9	Response	1	5931296	339931	0
S08_session1_set2_run2	9	Pulse	1	5931296	339931	0
S08_session1_set2_run2	9	Response	1	5972386	381020	1
S08_session1_set2_run2	9	Pulse	1	5972386	381020	1
S08_session1_set2_run2	9	Response	1	6013476	422111	0
S08_session1_set2_run2	9	Pulse	1	6013476	422111	0
S08_session1_set2_run2	9	Response	1	6054566	463201	0
S08_session1_set2_run2	9	Pulse	1	6054566	463201	0
S08_session1_set2_run2	9	Response	1	6095656	504291	0
S08_session1_set2_run2	9	Pulse	1	6095656	504291	0
S08_session1_set2_run2	10	Picture	BL	6105520	0	1	933640	1	0	next	other	0
S08_session1_set2_run2	10	Response	1	6136746	31226	0
S08_session1_set2_run2	10	Pulse	1	6136746	31226	0
S08_session1_set2_run2	10	Response	1	6177836	72315	0
S08_session1_set2_run2	10	Pulse	1	6177836	72315	0
S08_session1_set2_run2	10	Response	1	6218926	113405	0
S08_session1_set2_run2	10	Pulse	1	6218926	113405	0
S08_session1_set2_run2	10	Video	Action10	6219036	113516	1			0		other	0
S08_session1_set2_run2	10	Response	1	6260016	154496	0
S08_session1_set2_run2	10	Pulse	1	6260016	154496	0
S08_session1_set2_run2	10	Response	1	6301106	195585	0
S08_session1_set2_run2	10	Pulse	1	6301106	195585	0
S08_session1_set2_run2	10	Response	1	6342196	236675	1
S08_session1_set2_run2	10	Pulse	1	6342196	236675	1
S08_session1_set2_run2	10	Response	1	6383286	277765	0
S08_session1_set2_run2	10	Pulse	1	6383286	277765	0
S08_session1_set2_run2	10	Response	1	6424376	318855	0
S08_session1_set2_run2	10	Pulse	1	6424376	318855	0
S08_session1_set2_run2	10	Response	1	6465466	359945	0
S08_session1_set2_run2	10	Pulse	1	6465466	359945	0
S08_session1_set2_run2	10	Response	1	6506555	401035	1
S08_session1_set2_run2	10	Pulse	1	6506555	401035	1
S08_session1_set2_run2	10	Response	1	6547646	442126	0
S08_session1_set2_run2	10	Pulse	1	6547646	442126	0
S08_session1_set2_run2	10	Response	1	6588736	483215	1
S08_session1_set2_run2	10	Pulse	1	6588736	483215	1
S08_session1_set2_run2	10	Response	1	6629826	524305	0
S08_session1_set2_run2	10	Pulse	1	6629826	524305	0
S08_session1_set2_run2	10	Response	1	6670906	565386	0
S08_session1_set2_run2	10	Pulse	1	6670906	565386	0
S08_session1_set2_run2	10	Response	1	6711996	606476	0
S08_session1_set2_run2	10	Pulse	1	6711996	606476	0
S08_session1_set2_run2	10	Response	1	6753086	647566	0
S08_session1_set2_run2	10	Pulse	1	6753086	647566	0
S08_session1_set2_run2	10	Response	1	6794176	688656	0
S08_session1_set2_run2	10	Pulse	1	6794176	688656	0
S08_session1_set2_run2	10	Response	1	6835266	729746	0
S08_session1_set2_run2	10	Pulse	1	6835266	729746	0
S08_session1_set2_run2	10	Response	1	6876356	770836	0
S08_session1_set2_run2	10	Pulse	1	6876356	770836	0
S08_session1_set2_run2	10	Quit		7034256	928736	NA


video summary
filename	start frame	end frame	frames presented	frames dropped	start time	end time	duration
H:\SBL\1.ActionPrediction_June2017\Stimuli\S21toastD.avi	1	1625	1560	65	507487	1157578	650091
H:\SBL\1.ActionPrediction_June2017\Stimuli\S15juiceD.avi	1	1550	1488	62	1247091	1867178	620087
H:\SBL\1.ActionPrediction_June2017\Stimuli\M21toastD.avi	1	1625	1560	65	1986778	2636785	650008
H:\SBL\1.ActionPrediction_June2017\Stimuli\S14nailD.avi	1	1225	1176	49	2726381	3216366	489985
H:\SBL\1.ActionPrediction_June2017\Stimuli\M15juiceD.avi	1	1550	1488	62	3301628	3921632	620003
H:\SBL\1.ActionPrediction_June2017\Stimuli\S12letterD.avi	1	1050	1008	42	4041232	4461290	420059
H:\SBL\1.ActionPrediction_June2017\Stimuli\M14nailD.avi	1	1225	1176	49	4575390	5065458	490069
H:\SBL\1.ActionPrediction_June2017\Stimuli\S17pillowD.avi	1	1100	1056	44	5150637	5590698	440062
H:\SBL\1.ActionPrediction_June2017\Stimuli\M12letterD.avi	1	1050	1008	42	5684795	6104854	420059
H:\SBL\1.ActionPrediction_June2017\Stimuli\M17pillowD.avi	1	1100	1056	44	6219036	6659014	439978


Event Type	Code	Type	Response	RT	RT Uncertainty	Time	Uncertainty	Duration	Uncertainty	ReqTime	ReqDur

Picture	BL	other				384953	101	773292	101	0	next
Video	Action1	other				507487	1			0
Picture	BL	other				1158245	1	709683	1	0	next
Video	Action2	other				1247091	1			0
Picture	BL	other				1867928	1	769691	1	0	next
Video	Action3	other				1986778	1			0
Picture	BL	other				2637619	1	579414	1	0	next
Video	Action4	other				2726381	1			0
Picture	BL	other				3217033	1	705349	1	0	next
Video	Action5	other				3301628	1			0
Picture	BL	other				3922382	1	539575	1	0	next
Video	Action6	other				4041232	1			0
Picture	BL	other				4461957	1	604251	1	0	next
Video	Action7	other				4575390	1			0
Picture	BL	other				5066208	1	525157	1	0	next
Video	Action8	other				5150637	1			0
Picture	BL	other				5591365	1	514155	1	0	next
Video	Action9	other				5684795	1			0
Picture	BL	other				6105520	1	933640	1	0	next
Video	Action10	other				6219036	1			0
