Scenario - Set4
Logfile written - 02/22/2018 10:49:41

Subject	Trial	Event Type	Code	Time	TTime	Uncertainty	Duration	Uncertainty	ReqTime	ReqDur	Stim Type	Pair Index

S08_session2_set4_run1	0	Response	1	331078	331078	0
S08_session2_set4_run1	0	Pulse	1	331078	331078	0
S08_session2_set4_run1	0	Response	1	372168	372168	0
S08_session2_set4_run1	0	Pulse	1	372168	372168	0
S08_session2_set4_run1	1	Picture	BL	372802	0	1	1022310	1	0	next	other	0
S08_session2_set4_run1	1	Response	1	413258	40456	0
S08_session2_set4_run1	1	Pulse	1	413258	40456	0
S08_session2_set4_run1	1	Response	1	454348	81546	0
S08_session2_set4_run1	1	Pulse	1	454348	81546	0
S08_session2_set4_run1	1	Video	Action1	454480	81678	1			0		other	0
S08_session2_set4_run1	1	Response	1	495438	122636	0
S08_session2_set4_run1	1	Pulse	1	495438	122636	0
S08_session2_set4_run1	1	Response	1	536528	163727	0
S08_session2_set4_run1	1	Pulse	1	536528	163727	0
S08_session2_set4_run1	1	Response	1	577618	204816	1
S08_session2_set4_run1	1	Pulse	1	577618	204816	1
S08_session2_set4_run1	1	Response	1	618708	245907	0
S08_session2_set4_run1	1	Pulse	1	618708	245907	0
S08_session2_set4_run1	1	Response	1	659798	286996	0
S08_session2_set4_run1	1	Pulse	1	659798	286996	0
S08_session2_set4_run1	1	Response	1	700888	328086	0
S08_session2_set4_run1	1	Pulse	1	700888	328086	0
S08_session2_set4_run1	1	Response	1	741977	369175	1
S08_session2_set4_run1	1	Pulse	1	741977	369175	1
S08_session2_set4_run1	1	Response	1	783068	410266	0
S08_session2_set4_run1	1	Pulse	1	783068	410266	0
S08_session2_set4_run1	1	Response	1	824158	451356	0
S08_session2_set4_run1	1	Pulse	1	824158	451356	0
S08_session2_set4_run1	1	Response	1	865248	492446	0
S08_session2_set4_run1	1	Pulse	1	865248	492446	0
S08_session2_set4_run1	1	Response	1	906339	533537	0
S08_session2_set4_run1	1	Pulse	1	906339	533537	0
S08_session2_set4_run1	1	Response	1	947429	574627	0
S08_session2_set4_run1	1	Pulse	1	947429	574627	0
S08_session2_set4_run1	1	Response	1	988518	615716	0
S08_session2_set4_run1	1	Pulse	1	988518	615716	0
S08_session2_set4_run1	1	Response	1	1029608	656806	0
S08_session2_set4_run1	1	Pulse	1	1029608	656806	0
S08_session2_set4_run1	1	Response	1	1070698	697896	0
S08_session2_set4_run1	1	Pulse	1	1070698	697896	0
S08_session2_set4_run1	1	Response	1	1111787	738986	0
S08_session2_set4_run1	1	Pulse	1	1111787	738986	0
S08_session2_set4_run1	1	Response	1	1152878	780076	0
S08_session2_set4_run1	1	Pulse	1	1152878	780076	0
S08_session2_set4_run1	1	Response	1	1193959	821157	9
S08_session2_set4_run1	1	Pulse	1	1193959	821157	9
S08_session2_set4_run1	1	Response	1	1235058	862256	0
S08_session2_set4_run1	1	Pulse	1	1235058	862256	0
S08_session2_set4_run1	1	Response	1	1276149	903347	0
S08_session2_set4_run1	1	Pulse	1	1276149	903347	0
S08_session2_set4_run1	1	Response	1	1317238	944436	0
S08_session2_set4_run1	1	Pulse	1	1317238	944436	0
S08_session2_set4_run1	1	Response	1	1358328	985526	0
S08_session2_set4_run1	1	Pulse	1	1358328	985526	0
S08_session2_set4_run1	2	Picture	BL	1395111	0	1	747271	1	0	next	other	0
S08_session2_set4_run1	2	Response	1	1399418	4306	0
S08_session2_set4_run1	2	Pulse	1	1399418	4306	0
S08_session2_set4_run1	2	Response	1	1440508	45396	0
S08_session2_set4_run1	2	Pulse	1	1440508	45396	0
S08_session2_set4_run1	2	Response	1	1481598	86486	0
S08_session2_set4_run1	2	Pulse	1	1481598	86486	0
S08_session2_set4_run1	2	Video	Action2	1481707	86595	1			0		other	0
S08_session2_set4_run1	2	Response	1	1522688	127577	0
S08_session2_set4_run1	2	Pulse	1	1522688	127577	0
S08_session2_set4_run1	2	Response	1	1563778	168666	0
S08_session2_set4_run1	2	Pulse	1	1563778	168666	0
S08_session2_set4_run1	2	Response	1	1604868	209757	0
S08_session2_set4_run1	2	Pulse	1	1604868	209757	0
S08_session2_set4_run1	2	Response	1	1645958	250846	0
S08_session2_set4_run1	2	Pulse	1	1645958	250846	0
S08_session2_set4_run1	2	Response	1	1687048	291937	0
S08_session2_set4_run1	2	Pulse	1	1687048	291937	0
S08_session2_set4_run1	2	Response	1	1728138	333026	0
S08_session2_set4_run1	2	Pulse	1	1728138	333026	0
S08_session2_set4_run1	2	Response	1	1769223	374111	6
S08_session2_set4_run1	2	Pulse	1	1769223	374111	6
S08_session2_set4_run1	2	Response	1	1810318	415207	0
S08_session2_set4_run1	2	Pulse	1	1810318	415207	0
S08_session2_set4_run1	2	Response	1	1851408	456297	0
S08_session2_set4_run1	2	Pulse	1	1851408	456297	0
S08_session2_set4_run1	2	Response	1	1892498	497387	1
S08_session2_set4_run1	2	Pulse	1	1892498	497387	1
S08_session2_set4_run1	2	Response	1	1933588	538477	0
S08_session2_set4_run1	2	Pulse	1	1933588	538477	0
S08_session2_set4_run1	2	Response	1	1974678	579566	0
S08_session2_set4_run1	2	Pulse	1	1974678	579566	0
S08_session2_set4_run1	2	Response	1	2015768	620657	0
S08_session2_set4_run1	2	Pulse	1	2015768	620657	0
S08_session2_set4_run1	2	Response	1	2056849	661737	0
S08_session2_set4_run1	2	Pulse	1	2056849	661737	0
S08_session2_set4_run1	2	Response	1	2097938	702827	0
S08_session2_set4_run1	2	Pulse	1	2097938	702827	0
S08_session2_set4_run1	2	Response	1	2139028	743917	0
S08_session2_set4_run1	2	Pulse	1	2139028	743917	0
S08_session2_set4_run1	3	Picture	BL	2142383	0	1	1060732	1	0	next	other	0
S08_session2_set4_run1	3	Response	1	2180118	37735	0
S08_session2_set4_run1	3	Pulse	1	2180118	37735	0
S08_session2_set4_run1	3	Response	1	2221208	78825	0
S08_session2_set4_run1	3	Pulse	1	2221208	78825	0
S08_session2_set4_run1	3	Response	1	2262298	119916	0
S08_session2_set4_run1	3	Pulse	1	2262298	119916	0
S08_session2_set4_run1	3	Video	Action3	2262399	120017	1			0		other	0
S08_session2_set4_run1	3	Response	1	2303388	161006	0
S08_session2_set4_run1	3	Pulse	1	2303388	161006	0
S08_session2_set4_run1	3	Response	1	2344478	202096	0
S08_session2_set4_run1	3	Pulse	1	2344478	202096	0
S08_session2_set4_run1	3	Response	1	2385568	243186	0
S08_session2_set4_run1	3	Pulse	1	2385568	243186	0
S08_session2_set4_run1	3	Response	1	2426658	284275	0
S08_session2_set4_run1	3	Pulse	1	2426658	284275	0
S08_session2_set4_run1	3	Response	1	2467748	325365	0
S08_session2_set4_run1	3	Pulse	1	2467748	325365	0
S08_session2_set4_run1	3	Response	1	2508838	366456	0
S08_session2_set4_run1	3	Pulse	1	2508838	366456	0
S08_session2_set4_run1	3	Response	1	2549927	407544	2
S08_session2_set4_run1	3	Pulse	1	2549927	407544	2
S08_session2_set4_run1	3	Response	1	2591018	448636	0
S08_session2_set4_run1	3	Pulse	1	2591018	448636	0
S08_session2_set4_run1	3	Response	1	2632108	489726	0
S08_session2_set4_run1	3	Pulse	1	2632108	489726	0
S08_session2_set4_run1	3	Response	1	2673198	530816	1
S08_session2_set4_run1	3	Pulse	1	2673198	530816	1
S08_session2_set4_run1	3	Response	1	2714288	571906	0
S08_session2_set4_run1	3	Pulse	1	2714288	571906	0
S08_session2_set4_run1	3	Response	1	2755378	612995	0
S08_session2_set4_run1	3	Pulse	1	2755378	612995	0
S08_session2_set4_run1	3	Response	1	2796468	654086	0
S08_session2_set4_run1	3	Pulse	1	2796468	654086	0
S08_session2_set4_run1	3	Response	1	2837558	695176	1
S08_session2_set4_run1	3	Pulse	1	2837558	695176	1
S08_session2_set4_run1	3	Response	1	2878648	736265	0
S08_session2_set4_run1	3	Pulse	1	2878648	736265	0
S08_session2_set4_run1	3	Response	1	2919738	777355	0
S08_session2_set4_run1	3	Pulse	1	2919738	777355	0
S08_session2_set4_run1	3	Response	1	2960828	818445	0
S08_session2_set4_run1	3	Pulse	1	2960828	818445	0
S08_session2_set4_run1	3	Response	1	3001908	859525	11
S08_session2_set4_run1	3	Pulse	1	3001908	859525	11
S08_session2_set4_run1	3	Response	1	3043009	900626	0
S08_session2_set4_run1	3	Pulse	1	3043009	900626	0
S08_session2_set4_run1	3	Response	1	3084098	941716	0
S08_session2_set4_run1	3	Pulse	1	3084098	941716	0
S08_session2_set4_run1	3	Response	1	3125188	982805	0
S08_session2_set4_run1	3	Pulse	1	3125188	982805	0
S08_session2_set4_run1	3	Response	1	3166278	1023896	0
S08_session2_set4_run1	3	Pulse	1	3166278	1023896	0
S08_session2_set4_run1	4	Picture	BL	3203114	0	1	917212	1	0	next	other	0
S08_session2_set4_run1	4	Response	1	3207368	4254	0
S08_session2_set4_run1	4	Pulse	1	3207368	4254	0
S08_session2_set4_run1	4	Response	1	3248458	45344	0
S08_session2_set4_run1	4	Pulse	1	3248458	45344	0
S08_session2_set4_run1	4	Response	1	3289548	86434	0
S08_session2_set4_run1	4	Pulse	1	3289548	86434	0
S08_session2_set4_run1	4	Video	Action4	3289626	86512	1			0		other	0
S08_session2_set4_run1	4	Response	1	3330638	127524	0
S08_session2_set4_run1	4	Pulse	1	3330638	127524	0
S08_session2_set4_run1	4	Response	1	3371728	168614	0
S08_session2_set4_run1	4	Pulse	1	3371728	168614	0
S08_session2_set4_run1	4	Response	1	3412819	209705	0
S08_session2_set4_run1	4	Pulse	1	3412819	209705	0
S08_session2_set4_run1	4	Response	1	3453908	250794	0
S08_session2_set4_run1	4	Pulse	1	3453908	250794	0
S08_session2_set4_run1	4	Response	1	3494998	291884	0
S08_session2_set4_run1	4	Pulse	1	3494998	291884	0
S08_session2_set4_run1	4	Response	1	3536088	332974	0
S08_session2_set4_run1	4	Pulse	1	3536088	332974	0
S08_session2_set4_run1	4	Response	1	3577178	374064	1
S08_session2_set4_run1	4	Pulse	1	3577178	374064	1
S08_session2_set4_run1	4	Response	1	3618268	415154	1
S08_session2_set4_run1	4	Pulse	1	3618268	415154	1
S08_session2_set4_run1	4	Response	1	3659358	456244	0
S08_session2_set4_run1	4	Pulse	1	3659358	456244	0
S08_session2_set4_run1	4	Response	1	3700448	497334	0
S08_session2_set4_run1	4	Pulse	1	3700448	497334	0
S08_session2_set4_run1	4	Response	1	3741539	538425	0
S08_session2_set4_run1	4	Pulse	1	3741539	538425	0
S08_session2_set4_run1	4	Response	1	3782628	579514	0
S08_session2_set4_run1	4	Pulse	1	3782628	579514	0
S08_session2_set4_run1	4	Response	1	3823718	620604	0
S08_session2_set4_run1	4	Pulse	1	3823718	620604	0
S08_session2_set4_run1	4	Response	1	3864808	661694	0
S08_session2_set4_run1	4	Pulse	1	3864808	661694	0
S08_session2_set4_run1	4	Response	1	3905898	702784	0
S08_session2_set4_run1	4	Pulse	1	3905898	702784	0
S08_session2_set4_run1	4	Response	1	3946988	743874	0
S08_session2_set4_run1	4	Pulse	1	3946988	743874	0
S08_session2_set4_run1	4	Response	1	3988079	784965	0
S08_session2_set4_run1	4	Pulse	1	3988079	784965	0
S08_session2_set4_run1	4	Response	1	4029164	826049	5
S08_session2_set4_run1	4	Pulse	1	4029164	826049	5
S08_session2_set4_run1	4	Response	1	4070249	867135	0
S08_session2_set4_run1	4	Pulse	1	4070249	867135	0
S08_session2_set4_run1	4	Response	1	4111338	908224	0
S08_session2_set4_run1	4	Pulse	1	4111338	908224	0
S08_session2_set4_run1	5	Picture	BL	4120326	0	1	775108	1	0	next	other	0
S08_session2_set4_run1	5	Response	1	4152428	32103	0
S08_session2_set4_run1	5	Pulse	1	4152428	32103	0
S08_session2_set4_run1	5	Response	1	4193519	73193	0
S08_session2_set4_run1	5	Pulse	1	4193519	73193	0
S08_session2_set4_run1	5	Response	1	4234609	114283	0
S08_session2_set4_run1	5	Pulse	1	4234609	114283	0
S08_session2_set4_run1	5	Video	Action5	4234675	114349	1			0		other	0
S08_session2_set4_run1	5	Response	1	4275698	155373	0
S08_session2_set4_run1	5	Pulse	1	4275698	155373	0
S08_session2_set4_run1	5	Response	1	4316788	196462	0
S08_session2_set4_run1	5	Pulse	1	4316788	196462	0
S08_session2_set4_run1	5	Response	1	4357878	237553	1
S08_session2_set4_run1	5	Pulse	1	4357878	237553	1
S08_session2_set4_run1	5	Response	1	4398968	278643	0
S08_session2_set4_run1	5	Pulse	1	4398968	278643	0
S08_session2_set4_run1	5	Response	1	4440058	319732	0
S08_session2_set4_run1	5	Pulse	1	4440058	319732	0
S08_session2_set4_run1	5	Response	1	4481148	360823	0
S08_session2_set4_run1	5	Pulse	1	4481148	360823	0
S08_session2_set4_run1	5	Response	1	4522235	401910	3
S08_session2_set4_run1	5	Pulse	1	4522235	401910	3
S08_session2_set4_run1	5	Response	1	4563328	443003	0
S08_session2_set4_run1	5	Pulse	1	4563328	443003	0
S08_session2_set4_run1	5	Response	1	4604419	484093	0
S08_session2_set4_run1	5	Pulse	1	4604419	484093	0
S08_session2_set4_run1	5	Response	1	4645508	525183	0
S08_session2_set4_run1	5	Pulse	1	4645508	525183	0
S08_session2_set4_run1	5	Response	1	4686598	566273	0
S08_session2_set4_run1	5	Pulse	1	4686598	566273	0
S08_session2_set4_run1	5	Response	1	4727688	607363	0
S08_session2_set4_run1	5	Pulse	1	4727688	607363	0
S08_session2_set4_run1	5	Response	1	4768778	648453	0
S08_session2_set4_run1	5	Pulse	1	4768778	648453	0
S08_session2_set4_run1	5	Response	1	4809869	689543	1
S08_session2_set4_run1	5	Pulse	1	4809869	689543	1
S08_session2_set4_run1	5	Response	1	4850958	730633	0
S08_session2_set4_run1	5	Pulse	1	4850958	730633	0
S08_session2_set4_run1	5	Response	1	4892048	771723	0
S08_session2_set4_run1	5	Pulse	1	4892048	771723	0
S08_session2_set4_run1	6	Picture	BL	4895434	0	1	1956865	1	0	next	other	0
S08_session2_set4_run1	6	Response	1	4933138	37704	0
S08_session2_set4_run1	6	Pulse	1	4933138	37704	0
S08_session2_set4_run1	6	Response	1	4974228	78794	0
S08_session2_set4_run1	6	Pulse	1	4974228	78794	0
S08_session2_set4_run1	6	Response	1	5015318	119884	0
S08_session2_set4_run1	6	Pulse	1	5015318	119884	0
S08_session2_set4_run1	6	Video	Action6	5015368	119933	1			0		other	0
S08_session2_set4_run1	6	Response	1	5056408	160974	0
S08_session2_set4_run1	6	Pulse	1	5056408	160974	0
S08_session2_set4_run1	6	Response	1	5097499	202064	0
S08_session2_set4_run1	6	Pulse	1	5097499	202064	0
S08_session2_set4_run1	6	Response	1	5138588	243154	0
S08_session2_set4_run1	6	Pulse	1	5138588	243154	0
S08_session2_set4_run1	6	Response	1	5179679	284245	0
S08_session2_set4_run1	6	Pulse	1	5179679	284245	0
S08_session2_set4_run1	6	Response	1	5220769	325334	0
S08_session2_set4_run1	6	Pulse	1	5220769	325334	0
S08_session2_set4_run1	6	Response	1	5261859	366425	0
S08_session2_set4_run1	6	Pulse	1	5261859	366425	0
S08_session2_set4_run1	6	Response	1	5302948	407514	1
S08_session2_set4_run1	6	Pulse	1	5302948	407514	1
S08_session2_set4_run1	6	Response	1	5344038	448604	0
S08_session2_set4_run1	6	Pulse	1	5344038	448604	0
S08_session2_set4_run1	6	Response	1	5385129	489695	0
S08_session2_set4_run1	6	Pulse	1	5385129	489695	0
S08_session2_set4_run1	6	Response	1	5426219	530785	0
S08_session2_set4_run1	6	Pulse	1	5426219	530785	0
S08_session2_set4_run1	6	Response	1	5467308	571874	0
S08_session2_set4_run1	6	Pulse	1	5467308	571874	0
S08_session2_set4_run1	6	Response	1	5508399	612965	0
S08_session2_set4_run1	6	Pulse	1	5508399	612965	0
S08_session2_set4_run1	6	Response	1	5549489	654055	0
S08_session2_set4_run1	6	Pulse	1	5549489	654055	0
S08_session2_set4_run1	6	Response	1	5590578	695144	1
S08_session2_set4_run1	6	Pulse	1	5590578	695144	1
S08_session2_set4_run1	6	Response	1	5631669	736234	0
S08_session2_set4_run1	6	Pulse	1	5631669	736234	0
S08_session2_set4_run1	6	Response	1	5672758	777324	0
S08_session2_set4_run1	6	Pulse	1	5672758	777324	0
S08_session2_set4_run1	6	Response	1	5713849	818415	0
S08_session2_set4_run1	6	Pulse	1	5713849	818415	0
S08_session2_set4_run1	6	Response	1	5754935	859501	4
S08_session2_set4_run1	6	Pulse	1	5754935	859501	4
S08_session2_set4_run1	6	Response	1	5796028	900594	0
S08_session2_set4_run1	6	Pulse	1	5796028	900594	0
S08_session2_set4_run1	6	Response	1	5837119	941685	0
S08_session2_set4_run1	6	Pulse	1	5837119	941685	0
S08_session2_set4_run1	6	Response	1	5878208	982774	0
S08_session2_set4_run1	6	Pulse	1	5878208	982774	0
S08_session2_set4_run1	6	Response	1	5919298	1023864	0
S08_session2_set4_run1	6	Pulse	1	5919298	1023864	0
S08_session2_set4_run1	6	Response	1	5960388	1064954	0
S08_session2_set4_run1	6	Pulse	1	5960388	1064954	0
S08_session2_set4_run1	6	Response	1	6001478	1106044	0
S08_session2_set4_run1	6	Pulse	1	6001478	1106044	0
S08_session2_set4_run1	6	Response	1	6042568	1147134	0
S08_session2_set4_run1	6	Pulse	1	6042568	1147134	0
S08_session2_set4_run1	6	Response	1	6083659	1188225	0
S08_session2_set4_run1	6	Pulse	1	6083659	1188225	0
S08_session2_set4_run1	6	Response	1	6124738	1229304	0
S08_session2_set4_run1	6	Pulse	1	6124738	1229304	0
S08_session2_set4_run1	6	Response	1	6165828	1270394	0
S08_session2_set4_run1	6	Pulse	1	6165828	1270394	0
S08_session2_set4_run1	6	Response	1	6206918	1311484	0
S08_session2_set4_run1	6	Pulse	1	6206918	1311484	0
S08_session2_set4_run1	6	Response	1	6248008	1352574	0
S08_session2_set4_run1	6	Pulse	1	6248008	1352574	0
S08_session2_set4_run1	6	Response	1	6549148	1653714	0
S08_session2_set4_run1	6	Pulse	1	6549148	1653714	0
S08_session2_set4_run1	6	Response	1	6590238	1694804	0
S08_session2_set4_run1	6	Pulse	1	6590238	1694804	0
S08_session2_set4_run1	6	Response	1	6631328	1735894	0
S08_session2_set4_run1	6	Pulse	1	6631328	1735894	0
S08_session2_set4_run1	6	Response	1	6672418	1776984	0
S08_session2_set4_run1	6	Pulse	1	6672418	1776984	0
S08_session2_set4_run1	6	Response	1	6713508	1818074	0
S08_session2_set4_run1	6	Pulse	1	6713508	1818074	0
S08_session2_set4_run1	6	Quit		6832569	1937135	NA


video summary
filename	start frame	end frame	frames presented	frames dropped	start time	end time	duration
H:\SBL\1.ActionPrediction_June2017\Stimuli\S2boatD.avi	1	2350	2256	94	454480	1394445	939965
H:\SBL\1.ActionPrediction_June2017\Stimuli\S4buttonD.avi	1	1650	1584	66	1481707	2141716	660009
H:\SBL\1.ActionPrediction_June2017\Stimuli\M2boatD.avi	1	2350	2350	0	2262399	3202447	940048
H:\SBL\1.ActionPrediction_June2017\Stimuli\S5cardD.avi	1	2075	1992	83	3289626	4119659	830033
H:\SBL\1.ActionPrediction_June2017\Stimuli\M4buttonD.avi	1	1650	1650	0	4234675	4894767	660092
H:\SBL\1.ActionPrediction_June2017\Stimuli\M5cardD.avi	1	2075	2075	0	5015368	5845400	830033


Event Type	Code	Type	Response	RT	RT Uncertainty	Time	Uncertainty	Duration	Uncertainty	ReqTime	ReqDur

Picture	BL	other				372802	1	1022310	1	0	next
Video	Action1	other				454480	1			0
Picture	BL	other				1395111	1	747271	1	0	next
Video	Action2	other				1481707	1			0
Picture	BL	other				2142383	1	1060732	1	0	next
Video	Action3	other				2262399	1			0
Picture	BL	other				3203114	1	917212	1	0	next
Video	Action4	other				3289626	1			0
Picture	BL	other				4120326	1	775108	1	0	next
Video	Action5	other				4234675	1			0
Picture	BL	other				4895434	1	1956865	1	0	next
Video	Action6	other				5015368	1			0
