Scenario - Set2
Logfile written - 07/26/2018 10:54:47

Subject	Trial	Event Type	Code	Time	TTime	Uncertainty	Duration	Uncertainty	ReqTime	ReqDur	Stim Type	Pair Index

S11_session1_set2_run1	0	Response	1	321388	321388	0
S11_session1_set2_run1	0	Pulse	1	321388	321388	0
S11_session1_set2_run1	0	Response	1	362478	362478	0
S11_session1_set2_run1	0	Pulse	1	362478	362478	0
S11_session1_set2_run1	1	Picture	BL	363112	0	1	502335	1	0	next	other	0
S11_session1_set2_run1	1	Response	1	403568	40456	0
S11_session1_set2_run1	1	Pulse	1	403568	40456	0
S11_session1_set2_run1	1	Response	1	444658	81546	0
S11_session1_set2_run1	1	Pulse	1	444658	81546	0
S11_session1_set2_run1	1	Video	Action1	444777	81665	1			0		other	0
S11_session1_set2_run1	1	Response	1	485748	122636	0
S11_session1_set2_run1	1	Pulse	1	485748	122636	0
S11_session1_set2_run1	1	Response	1	526838	163726	0
S11_session1_set2_run1	1	Pulse	1	526838	163726	0
S11_session1_set2_run1	1	Response	1	567928	204816	1
S11_session1_set2_run1	1	Pulse	1	567928	204816	1
S11_session1_set2_run1	1	Response	1	609019	245906	0
S11_session1_set2_run1	1	Pulse	1	609019	245906	0
S11_session1_set2_run1	1	Response	1	650108	286995	0
S11_session1_set2_run1	1	Pulse	1	650108	286995	0
S11_session1_set2_run1	1	Response	1	691198	328085	0
S11_session1_set2_run1	1	Pulse	1	691198	328085	0
S11_session1_set2_run1	1	Response	1	732280	369168	8
S11_session1_set2_run1	1	Pulse	1	732280	369168	8
S11_session1_set2_run1	1	Response	1	773378	410265	0
S11_session1_set2_run1	1	Pulse	1	773378	410265	0
S11_session1_set2_run1	1	Response	1	814468	451355	0
S11_session1_set2_run1	1	Pulse	1	814468	451355	0
S11_session1_set2_run1	1	Response	1	855558	492445	0
S11_session1_set2_run1	1	Pulse	1	855558	492445	0
S11_session1_set2_run1	2	Picture	BL	865448	0	1	604187	1	0	next	other	0
S11_session1_set2_run1	2	Response	1	896647	31200	0
S11_session1_set2_run1	2	Pulse	1	896647	31200	0
S11_session1_set2_run1	2	Response	1	937737	72290	0
S11_session1_set2_run1	2	Pulse	1	937737	72290	0
S11_session1_set2_run1	2	Response	1	978827	113380	0
S11_session1_set2_run1	2	Pulse	1	978827	113380	0
S11_session1_set2_run1	2	Video	Action2	978894	113447	1			0		other	0
S11_session1_set2_run1	2	Response	1	1019918	154470	0
S11_session1_set2_run1	2	Pulse	1	1019918	154470	0
S11_session1_set2_run1	2	Response	1	1061007	195560	0
S11_session1_set2_run1	2	Pulse	1	1061007	195560	0
S11_session1_set2_run1	2	Response	1	1102097	236650	0
S11_session1_set2_run1	2	Pulse	1	1102097	236650	0
S11_session1_set2_run1	2	Response	1	1143187	277740	0
S11_session1_set2_run1	2	Pulse	1	1143187	277740	0
S11_session1_set2_run1	2	Response	1	1184277	318829	0
S11_session1_set2_run1	2	Pulse	1	1184277	318829	0
S11_session1_set2_run1	2	Response	1	1225367	359919	0
S11_session1_set2_run1	2	Pulse	1	1225367	359919	0
S11_session1_set2_run1	2	Response	1	1266441	400994	6
S11_session1_set2_run1	2	Pulse	1	1266441	400994	6
S11_session1_set2_run1	2	Response	1	1307547	442099	0
S11_session1_set2_run1	2	Pulse	1	1307547	442099	0
S11_session1_set2_run1	2	Response	1	1348627	483179	0
S11_session1_set2_run1	2	Pulse	1	1348627	483179	0
S11_session1_set2_run1	2	Response	1	1389717	524269	0
S11_session1_set2_run1	2	Pulse	1	1389717	524269	0
S11_session1_set2_run1	2	Response	1	1430807	565359	0
S11_session1_set2_run1	2	Pulse	1	1430807	565359	0
S11_session1_set2_run1	3	Picture	BL	1469634	0	1	505255	1	0	next	other	0
S11_session1_set2_run1	3	Response	1	1471897	2262	0
S11_session1_set2_run1	3	Pulse	1	1471897	2262	0
S11_session1_set2_run1	3	Response	1	1512986	43352	0
S11_session1_set2_run1	3	Pulse	1	1512986	43352	0
S11_session1_set2_run1	3	Response	1	1554076	84442	0
S11_session1_set2_run1	3	Pulse	1	1554076	84442	0
S11_session1_set2_run1	3	Video	Action3	1554136	84501	1			0		other	0
S11_session1_set2_run1	3	Response	1	1595166	125532	0
S11_session1_set2_run1	3	Pulse	1	1595166	125532	0
S11_session1_set2_run1	3	Response	1	1636256	166622	0
S11_session1_set2_run1	3	Pulse	1	1636256	166622	0
S11_session1_set2_run1	3	Response	1	1677346	207712	0
S11_session1_set2_run1	3	Pulse	1	1677346	207712	0
S11_session1_set2_run1	3	Response	1	1718436	248802	0
S11_session1_set2_run1	3	Pulse	1	1718436	248802	0
S11_session1_set2_run1	3	Response	1	1759526	289892	0
S11_session1_set2_run1	3	Pulse	1	1759526	289892	0
S11_session1_set2_run1	3	Response	1	1800616	330981	0
S11_session1_set2_run1	3	Pulse	1	1800616	330981	0
S11_session1_set2_run1	3	Response	1	1841701	372066	5
S11_session1_set2_run1	3	Pulse	1	1841701	372066	5
S11_session1_set2_run1	3	Response	1	1882796	413161	0
S11_session1_set2_run1	3	Pulse	1	1882796	413161	0
S11_session1_set2_run1	3	Response	1	1923886	454252	0
S11_session1_set2_run1	3	Pulse	1	1923886	454252	0
S11_session1_set2_run1	3	Response	1	1964976	495341	0
S11_session1_set2_run1	3	Pulse	1	1964976	495341	0
S11_session1_set2_run1	4	Picture	BL	1974889	0	1	734150	1	0	next	other	0
S11_session1_set2_run1	4	Response	1	2006065	31176	0
S11_session1_set2_run1	4	Pulse	1	2006065	31176	0
S11_session1_set2_run1	4	Response	1	2047155	72266	0
S11_session1_set2_run1	4	Pulse	1	2047155	72266	0
S11_session1_set2_run1	4	Response	1	2088246	113356	0
S11_session1_set2_run1	4	Pulse	1	2088246	113356	0
S11_session1_set2_run1	4	Video	Action4	2088336	113447	1			0		other	0
S11_session1_set2_run1	4	Response	1	2129335	154446	0
S11_session1_set2_run1	4	Pulse	1	2129335	154446	0
S11_session1_set2_run1	4	Response	1	2170426	195536	0
S11_session1_set2_run1	4	Pulse	1	2170426	195536	0
S11_session1_set2_run1	4	Response	1	2211515	236626	1
S11_session1_set2_run1	4	Pulse	1	2211515	236626	1
S11_session1_set2_run1	4	Response	1	2252606	277716	0
S11_session1_set2_run1	4	Pulse	1	2252606	277716	0
S11_session1_set2_run1	4	Response	1	2293695	318806	0
S11_session1_set2_run1	4	Pulse	1	2293695	318806	0
S11_session1_set2_run1	4	Response	1	2334785	359896	0
S11_session1_set2_run1	4	Pulse	1	2334785	359896	0
S11_session1_set2_run1	4	Response	1	2375875	400986	1
S11_session1_set2_run1	4	Pulse	1	2375875	400986	1
S11_session1_set2_run1	4	Response	1	2416965	442076	0
S11_session1_set2_run1	4	Pulse	1	2416965	442076	0
S11_session1_set2_run1	4	Response	1	2458055	483166	0
S11_session1_set2_run1	4	Pulse	1	2458055	483166	0
S11_session1_set2_run1	4	Response	1	2499145	524256	1
S11_session1_set2_run1	4	Pulse	1	2499145	524256	1
S11_session1_set2_run1	4	Response	1	2540235	565346	0
S11_session1_set2_run1	4	Pulse	1	2540235	565346	0
S11_session1_set2_run1	4	Response	1	2581325	606436	0
S11_session1_set2_run1	4	Pulse	1	2581325	606436	0
S11_session1_set2_run1	4	Response	1	2622415	647526	0
S11_session1_set2_run1	4	Pulse	1	2622415	647526	0
S11_session1_set2_run1	4	Response	1	2663505	688616	0
S11_session1_set2_run1	4	Pulse	1	2663505	688616	0
S11_session1_set2_run1	4	Response	1	2704595	729705	0
S11_session1_set2_run1	4	Pulse	1	2704595	729705	0
S11_session1_set2_run1	5	Picture	BL	2709039	0	1	609609	1	0	next	other	0
S11_session1_set2_run1	5	Response	1	2745684	36645	0
S11_session1_set2_run1	5	Pulse	1	2745684	36645	0
S11_session1_set2_run1	5	Response	1	2786774	77735	0
S11_session1_set2_run1	5	Pulse	1	2786774	77735	0
S11_session1_set2_run1	5	Response	1	2827864	118825	0
S11_session1_set2_run1	5	Pulse	1	2827864	118825	0
S11_session1_set2_run1	5	Video	Action5	2827908	118869	1			0		other	0
S11_session1_set2_run1	5	Response	1	2868954	159915	0
S11_session1_set2_run1	5	Pulse	1	2868954	159915	0
S11_session1_set2_run1	5	Response	1	2910044	201005	0
S11_session1_set2_run1	5	Pulse	1	2910044	201005	0
S11_session1_set2_run1	5	Response	1	2951134	242095	0
S11_session1_set2_run1	5	Pulse	1	2951134	242095	0
S11_session1_set2_run1	5	Response	1	2992224	283185	0
S11_session1_set2_run1	5	Pulse	1	2992224	283185	0
S11_session1_set2_run1	5	Response	1	3033314	324275	0
S11_session1_set2_run1	5	Pulse	1	3033314	324275	0
S11_session1_set2_run1	5	Response	1	3074404	365365	0
S11_session1_set2_run1	5	Pulse	1	3074404	365365	0
S11_session1_set2_run1	5	Response	1	3115474	406435	10
S11_session1_set2_run1	5	Pulse	1	3115474	406435	10
S11_session1_set2_run1	5	Response	1	3156574	447535	0
S11_session1_set2_run1	5	Pulse	1	3156574	447535	0
S11_session1_set2_run1	5	Response	1	3197664	488625	0
S11_session1_set2_run1	5	Pulse	1	3197664	488625	0
S11_session1_set2_run1	5	Response	1	3238754	529714	0
S11_session1_set2_run1	5	Pulse	1	3238754	529714	0
S11_session1_set2_run1	5	Response	1	3279844	570804	0
S11_session1_set2_run1	5	Pulse	1	3279844	570804	0
S11_session1_set2_run1	6	Picture	BL	3318648	0	1	525275	1	0	next	other	0
S11_session1_set2_run1	6	Response	1	3320934	2286	0
S11_session1_set2_run1	6	Pulse	1	3320934	2286	0
S11_session1_set2_run1	6	Response	1	3362023	43375	0
S11_session1_set2_run1	6	Pulse	1	3362023	43375	0
S11_session1_set2_run1	6	Response	1	3403114	84466	0
S11_session1_set2_run1	6	Pulse	1	3403114	84466	0
S11_session1_set2_run1	6	Video	Action6	3403149	84501	1			0		other	0
S11_session1_set2_run1	6	Response	1	3444204	125556	0
S11_session1_set2_run1	6	Pulse	1	3444204	125556	0
S11_session1_set2_run1	6	Response	1	3485294	166646	0
S11_session1_set2_run1	6	Pulse	1	3485294	166646	0
S11_session1_set2_run1	6	Response	1	3526383	207735	1
S11_session1_set2_run1	6	Pulse	1	3526383	207735	1
S11_session1_set2_run1	6	Response	1	3567473	248825	0
S11_session1_set2_run1	6	Pulse	1	3567473	248825	0
S11_session1_set2_run1	6	Response	1	3608563	289915	0
S11_session1_set2_run1	6	Pulse	1	3608563	289915	0
S11_session1_set2_run1	6	Response	1	3649653	331005	0
S11_session1_set2_run1	6	Pulse	1	3649653	331005	0
S11_session1_set2_run1	6	Response	1	3690735	372087	8
S11_session1_set2_run1	6	Pulse	1	3690735	372087	8
S11_session1_set2_run1	6	Response	1	3731833	413185	0
S11_session1_set2_run1	6	Pulse	1	3731833	413185	0
S11_session1_set2_run1	6	Response	1	3772923	454274	0
S11_session1_set2_run1	6	Pulse	1	3772923	454274	0
S11_session1_set2_run1	6	Response	1	3814013	495364	0
S11_session1_set2_run1	6	Pulse	1	3814013	495364	0
S11_session1_set2_run1	7	Picture	BL	3843923	0	1	714130	1	0	next	other	0
S11_session1_set2_run1	7	Response	1	3855103	11180	0
S11_session1_set2_run1	7	Pulse	1	3855103	11180	0
S11_session1_set2_run1	7	Response	1	3896193	52270	0
S11_session1_set2_run1	7	Pulse	1	3896193	52270	0
S11_session1_set2_run1	7	Response	1	3937283	93360	0
S11_session1_set2_run1	7	Pulse	1	3937283	93360	0
S11_session1_set2_run1	7	Video	Action7	3937349	93427	1			0		other	0
S11_session1_set2_run1	7	Response	1	3978373	134450	0
S11_session1_set2_run1	7	Pulse	1	3978373	134450	0
S11_session1_set2_run1	7	Response	1	4019463	175540	0
S11_session1_set2_run1	7	Pulse	1	4019463	175540	0
S11_session1_set2_run1	7	Response	1	4060552	216629	1
S11_session1_set2_run1	7	Pulse	1	4060552	216629	1
S11_session1_set2_run1	7	Response	1	4101642	257720	0
S11_session1_set2_run1	7	Pulse	1	4101642	257720	0
S11_session1_set2_run1	7	Response	1	4142732	298809	0
S11_session1_set2_run1	7	Pulse	1	4142732	298809	0
S11_session1_set2_run1	7	Response	1	4183822	339899	0
S11_session1_set2_run1	7	Pulse	1	4183822	339899	0
S11_session1_set2_run1	7	Response	1	4224911	380988	1
S11_session1_set2_run1	7	Pulse	1	4224911	380988	1
S11_session1_set2_run1	7	Response	1	4266002	422079	0
S11_session1_set2_run1	7	Pulse	1	4266002	422079	0
S11_session1_set2_run1	7	Response	1	4307092	463169	0
S11_session1_set2_run1	7	Pulse	1	4307092	463169	0
S11_session1_set2_run1	7	Response	1	4348182	504259	0
S11_session1_set2_run1	7	Pulse	1	4348182	504259	0
S11_session1_set2_run1	7	Response	1	4389272	545349	0
S11_session1_set2_run1	7	Pulse	1	4389272	545349	0
S11_session1_set2_run1	7	Response	1	4430362	586439	0
S11_session1_set2_run1	7	Pulse	1	4430362	586439	0
S11_session1_set2_run1	7	Response	1	4471451	627529	0
S11_session1_set2_run1	7	Pulse	1	4471451	627529	0
S11_session1_set2_run1	7	Response	1	4512542	668619	0
S11_session1_set2_run1	7	Pulse	1	4512542	668619	0
S11_session1_set2_run1	7	Response	1	4553632	709709	0
S11_session1_set2_run1	7	Pulse	1	4553632	709709	0
S11_session1_set2_run1	8	Picture	BL	4558053	0	1	769602	1	0	next	other	0
S11_session1_set2_run1	8	Response	1	4594722	36669	0
S11_session1_set2_run1	8	Pulse	1	4594722	36669	0
S11_session1_set2_run1	8	Response	1	4635811	77758	0
S11_session1_set2_run1	8	Pulse	1	4635811	77758	0
S11_session1_set2_run1	8	Response	1	4676901	118848	0
S11_session1_set2_run1	8	Pulse	1	4676901	118848	0
S11_session1_set2_run1	8	Video	Action8	4677005	118952	1			0		other	0
S11_session1_set2_run1	8	Response	1	4717991	159938	0
S11_session1_set2_run1	8	Pulse	1	4717991	159938	0
S11_session1_set2_run1	8	Response	1	4759082	201029	0
S11_session1_set2_run1	8	Pulse	1	4759082	201029	0
S11_session1_set2_run1	8	Response	1	4800172	242119	1
S11_session1_set2_run1	8	Pulse	1	4800172	242119	1
S11_session1_set2_run1	8	Response	1	4841261	283209	0
S11_session1_set2_run1	8	Pulse	1	4841261	283209	0
S11_session1_set2_run1	8	Response	1	4882351	324298	0
S11_session1_set2_run1	8	Pulse	1	4882351	324298	0
S11_session1_set2_run1	8	Response	1	4923441	365388	0
S11_session1_set2_run1	8	Pulse	1	4923441	365388	0
S11_session1_set2_run1	8	Response	1	4964518	406465	15
S11_session1_set2_run1	8	Pulse	1	4964518	406465	15
S11_session1_set2_run1	8	Response	1	5005621	447568	0
S11_session1_set2_run1	8	Pulse	1	5005621	447568	0
S11_session1_set2_run1	8	Response	1	5046701	488649	0
S11_session1_set2_run1	8	Pulse	1	5046701	488649	0
S11_session1_set2_run1	8	Response	1	5087791	529738	1
S11_session1_set2_run1	8	Pulse	1	5087791	529738	1
S11_session1_set2_run1	8	Response	1	5128881	570828	0
S11_session1_set2_run1	8	Pulse	1	5128881	570828	0
S11_session1_set2_run1	8	Response	1	5169971	611918	0
S11_session1_set2_run1	8	Pulse	1	5169971	611918	0
S11_session1_set2_run1	8	Response	1	5211061	653008	0
S11_session1_set2_run1	8	Pulse	1	5211061	653008	0
S11_session1_set2_run1	8	Response	1	5252151	694098	1
S11_session1_set2_run1	8	Pulse	1	5252151	694098	1
S11_session1_set2_run1	8	Response	1	5293240	735188	0
S11_session1_set2_run1	8	Pulse	1	5293240	735188	0
S11_session1_set2_run1	9	Picture	BL	5327655	0	1	529612	1	0	next	other	0
S11_session1_set2_run1	9	Response	1	5334330	6675	0
S11_session1_set2_run1	9	Pulse	1	5334330	6675	0
S11_session1_set2_run1	9	Response	1	5375420	47765	0
S11_session1_set2_run1	9	Pulse	1	5375420	47765	0
S11_session1_set2_run1	9	Response	1	5416510	88855	0
S11_session1_set2_run1	9	Pulse	1	5416510	88855	0
S11_session1_set2_run1	9	Video	Action9	5416577	88922	1			0		other	0
S11_session1_set2_run1	9	Response	1	5457600	129945	0
S11_session1_set2_run1	9	Pulse	1	5457600	129945	0
S11_session1_set2_run1	9	Response	1	5498690	171035	0
S11_session1_set2_run1	9	Pulse	1	5498690	171035	0
S11_session1_set2_run1	9	Response	1	5539780	212125	0
S11_session1_set2_run1	9	Pulse	1	5539780	212125	0
S11_session1_set2_run1	9	Response	1	5580870	253215	0
S11_session1_set2_run1	9	Pulse	1	5580870	253215	0
S11_session1_set2_run1	9	Response	1	5621960	294305	0
S11_session1_set2_run1	9	Pulse	1	5621960	294305	0
S11_session1_set2_run1	9	Response	1	5663050	335395	0
S11_session1_set2_run1	9	Pulse	1	5663050	335395	0
S11_session1_set2_run1	9	Response	1	5704129	376474	11
S11_session1_set2_run1	9	Pulse	1	5704129	376474	11
S11_session1_set2_run1	9	Response	1	5745230	417575	0
S11_session1_set2_run1	9	Pulse	1	5745230	417575	0
S11_session1_set2_run1	9	Response	1	5786320	458665	0
S11_session1_set2_run1	9	Pulse	1	5786320	458665	0
S11_session1_set2_run1	9	Response	1	5827410	499755	0
S11_session1_set2_run1	9	Pulse	1	5827410	499755	0
S11_session1_set2_run1	10	Picture	BL	5857267	0	1	1915952	1	0	next	other	0
S11_session1_set2_run1	10	Response	1	5868500	11232	0
S11_session1_set2_run1	10	Pulse	1	5868500	11232	0
S11_session1_set2_run1	10	Response	1	5909589	52322	0
S11_session1_set2_run1	10	Pulse	1	5909589	52322	0
S11_session1_set2_run1	10	Response	1	5950679	93412	0
S11_session1_set2_run1	10	Pulse	1	5950679	93412	0
S11_session1_set2_run1	10	Video	Action10	5950777	93510	1			0		other	0
S11_session1_set2_run1	10	Response	1	5991769	134502	0
S11_session1_set2_run1	10	Pulse	1	5991769	134502	0
S11_session1_set2_run1	10	Response	1	6032859	175592	0
S11_session1_set2_run1	10	Pulse	1	6032859	175592	0
S11_session1_set2_run1	10	Response	1	6073949	216682	1
S11_session1_set2_run1	10	Pulse	1	6073949	216682	1
S11_session1_set2_run1	10	Response	1	6115040	257772	0
S11_session1_set2_run1	10	Pulse	1	6115040	257772	0
S11_session1_set2_run1	10	Response	1	6156129	298862	0
S11_session1_set2_run1	10	Pulse	1	6156129	298862	0
S11_session1_set2_run1	10	Response	1	6197219	339952	0
S11_session1_set2_run1	10	Pulse	1	6197219	339952	0
S11_session1_set2_run1	10	Response	1	6238297	381030	12
S11_session1_set2_run1	10	Pulse	1	6238297	381030	12
S11_session1_set2_run1	10	Response	1	6279399	422132	0
S11_session1_set2_run1	10	Pulse	1	6279399	422132	0
S11_session1_set2_run1	10	Response	1	6320489	463221	0
S11_session1_set2_run1	10	Pulse	1	6320489	463221	0
S11_session1_set2_run1	10	Response	1	6361579	504311	1
S11_session1_set2_run1	10	Pulse	1	6361579	504311	1
S11_session1_set2_run1	10	Response	1	6402668	545401	0
S11_session1_set2_run1	10	Pulse	1	6402668	545401	0
S11_session1_set2_run1	10	Response	1	6443759	586491	0
S11_session1_set2_run1	10	Pulse	1	6443759	586491	0
S11_session1_set2_run1	10	Response	1	6484849	627581	0
S11_session1_set2_run1	10	Pulse	1	6484849	627581	0
S11_session1_set2_run1	10	Response	1	6525938	668671	0
S11_session1_set2_run1	10	Pulse	1	6525938	668671	0
S11_session1_set2_run1	10	Response	1	6567028	709761	0
S11_session1_set2_run1	10	Pulse	1	6567028	709761	0
S11_session1_set2_run1	10	Response	1	6608118	750851	0
S11_session1_set2_run1	10	Pulse	1	6608118	750851	0
S11_session1_set2_run1	10	Response	1	6649208	791941	0
S11_session1_set2_run1	10	Pulse	1	6649208	791941	0
S11_session1_set2_run1	10	Response	1	6690298	833031	0
S11_session1_set2_run1	10	Pulse	1	6690298	833031	0
S11_session1_set2_run1	10	Response	1	6731388	874120	0
S11_session1_set2_run1	10	Pulse	1	6731388	874120	0
S11_session1_set2_run1	10	Response	1	6772478	915210	0
S11_session1_set2_run1	10	Pulse	1	6772478	915210	0
S11_session1_set2_run1	10	Response	1	6813568	956300	0
S11_session1_set2_run1	10	Pulse	1	6813568	956300	0
S11_session1_set2_run1	10	Response	1	6854647	997380	0
S11_session1_set2_run1	10	Pulse	1	6854647	997380	0
S11_session1_set2_run1	10	Response	1	7154647	1297380	0
S11_session1_set2_run1	10	Pulse	1	7154647	1297380	0
S11_session1_set2_run1	10	Response	1	7195737	1338470	0
S11_session1_set2_run1	10	Pulse	1	7195737	1338470	0
S11_session1_set2_run1	10	Response	1	7236827	1379560	0
S11_session1_set2_run1	10	Pulse	1	7236827	1379560	0
S11_session1_set2_run1	10	Response	1	7277917	1420649	0
S11_session1_set2_run1	10	Pulse	1	7277917	1420649	0
S11_session1_set2_run1	10	Response	1	7319007	1461740	0
S11_session1_set2_run1	10	Pulse	1	7319007	1461740	0
S11_session1_set2_run1	10	Quit		7752497	1895229	NA


video summary
filename	start frame	end frame	frames presented	frames dropped	start time	end time	duration
H:\SBL\1.ActionPrediction_June2017\Stimuli\S12letterD.avi	1	1050	1008	42	444777	864780	420003
H:\SBL\1.ActionPrediction_June2017\Stimuli\S14nailD.avi	1	1225	1176	49	978894	1468967	490073
H:\SBL\1.ActionPrediction_June2017\Stimuli\M12letterD.avi	1	1050	1008	42	1554136	1974222	420086
H:\SBL\1.ActionPrediction_June2017\Stimuli\S15juiceD.avi	1	1550	1488	62	2088336	2708372	620036
H:\SBL\1.ActionPrediction_June2017\Stimuli\M14nailD.avi	1	1225	1176	49	2827908	3317981	490073
H:\SBL\1.ActionPrediction_June2017\Stimuli\S17pillowD.avi	1	1100	1056	44	3403149	3843255	440106
H:\SBL\1.ActionPrediction_June2017\Stimuli\M15juiceD.avi	1	1550	1488	62	3937349	4557386	620036
H:\SBL\1.ActionPrediction_June2017\Stimuli\S21toastD.avi	1	1625	1560	65	4677005	5326988	649983
H:\SBL\1.ActionPrediction_June2017\Stimuli\M17pillowD.avi	1	1100	1056	44	5416577	5856600	440023
H:\SBL\1.ActionPrediction_June2017\Stimuli\M21toastD.avi	1	1625	1560	65	5950777	6600760	649983


Event Type	Code	Type	Response	RT	RT Uncertainty	Time	Uncertainty	Duration	Uncertainty	ReqTime	ReqDur

Picture	BL	other				363112	1	502335	1	0	next
Video	Action1	other				444777	1			0
Picture	BL	other				865448	1	604187	1	0	next
Video	Action2	other				978894	1			0
Picture	BL	other				1469634	1	505255	1	0	next
Video	Action3	other				1554136	1			0
Picture	BL	other				1974889	1	734150	1	0	next
Video	Action4	other				2088336	1			0
Picture	BL	other				2709039	1	609609	1	0	next
Video	Action5	other				2827908	1			0
Picture	BL	other				3318648	1	525275	1	0	next
Video	Action6	other				3403149	1			0
Picture	BL	other				3843923	1	714130	1	0	next
Video	Action7	other				3937349	1			0
Picture	BL	other				4558053	1	769602	1	0	next
Video	Action8	other				4677005	1			0
Picture	BL	other				5327655	1	529612	1	0	next
Video	Action9	other				5416577	1			0
Picture	BL	other				5857267	1	1915952	1	0	next
Video	Action10	other				5950777	1			0
