Scenario - Set1
Logfile written - 09/14/2018 13:18:36

Subject	Trial	Event Type	Code	Time	TTime	Uncertainty	Duration	Uncertainty	ReqTime	ReqDur	Stim Type	Pair Index

S13_session1_set1_run2	0	Response	1	353693	353693	0
S13_session1_set1_run2	0	Pulse	1	353693	353693	0
S13_session1_set1_run2	0	Response	1	394783	394783	0
S13_session1_set1_run2	0	Pulse	1	394783	394783	0
S13_session1_set1_run2	1	Picture	BL	395395	0	1	1202286	1	0	next	other	0
S13_session1_set1_run2	1	Response	1	435863	40468	0
S13_session1_set1_run2	1	Pulse	1	435863	40468	0
S13_session1_set1_run2	1	Response	1	476953	81558	0
S13_session1_set1_run2	1	Pulse	1	476953	81558	0
S13_session1_set1_run2	1	Video	Action1	477060	81665	1			0		other	0
S13_session1_set1_run2	1	Response	1	518043	122648	0
S13_session1_set1_run2	1	Pulse	1	518043	122648	0
S13_session1_set1_run2	1	Response	1	559133	163738	0
S13_session1_set1_run2	1	Pulse	1	559133	163738	0
S13_session1_set1_run2	1	Response	1	600223	204828	1
S13_session1_set1_run2	1	Pulse	1	600223	204828	1
S13_session1_set1_run2	1	Response	1	641313	245918	0
S13_session1_set1_run2	1	Pulse	1	641313	245918	0
S13_session1_set1_run2	1	Response	1	682403	287008	0
S13_session1_set1_run2	1	Pulse	1	682403	287008	0
S13_session1_set1_run2	1	Response	1	723493	328098	0
S13_session1_set1_run2	1	Pulse	1	723493	328098	0
S13_session1_set1_run2	1	Response	1	764573	369177	10
S13_session1_set1_run2	1	Pulse	1	764573	369177	10
S13_session1_set1_run2	1	Response	1	805673	410278	0
S13_session1_set1_run2	1	Pulse	1	805673	410278	0
S13_session1_set1_run2	1	Response	1	846763	451368	0
S13_session1_set1_run2	1	Pulse	1	846763	451368	0
S13_session1_set1_run2	1	Response	1	887853	492458	0
S13_session1_set1_run2	1	Pulse	1	887853	492458	0
S13_session1_set1_run2	1	Response	1	928943	533547	0
S13_session1_set1_run2	1	Pulse	1	928943	533547	0
S13_session1_set1_run2	1	Response	1	970033	574637	0
S13_session1_set1_run2	1	Pulse	1	970033	574637	0
S13_session1_set1_run2	1	Response	1	1011123	615728	0
S13_session1_set1_run2	1	Pulse	1	1011123	615728	0
S13_session1_set1_run2	1	Response	1	1052213	656818	0
S13_session1_set1_run2	1	Pulse	1	1052213	656818	0
S13_session1_set1_run2	1	Response	1	1093303	697908	0
S13_session1_set1_run2	1	Pulse	1	1093303	697908	0
S13_session1_set1_run2	1	Response	1	1134393	738997	0
S13_session1_set1_run2	1	Pulse	1	1134393	738997	0
S13_session1_set1_run2	1	Response	1	1175483	780087	0
S13_session1_set1_run2	1	Pulse	1	1175483	780087	0
S13_session1_set1_run2	1	Response	1	1216571	821175	2
S13_session1_set1_run2	1	Pulse	1	1216571	821175	2
S13_session1_set1_run2	1	Response	1	1257663	862268	0
S13_session1_set1_run2	1	Pulse	1	1257663	862268	0
S13_session1_set1_run2	1	Response	1	1298753	903358	0
S13_session1_set1_run2	1	Pulse	1	1298753	903358	0
S13_session1_set1_run2	1	Response	1	1339843	944448	0
S13_session1_set1_run2	1	Pulse	1	1339843	944448	0
S13_session1_set1_run2	1	Response	1	1380933	985538	0
S13_session1_set1_run2	1	Pulse	1	1380933	985538	0
S13_session1_set1_run2	1	Response	1	1422023	1026628	0
S13_session1_set1_run2	1	Pulse	1	1422023	1026628	0
S13_session1_set1_run2	1	Response	1	1463113	1067718	0
S13_session1_set1_run2	1	Pulse	1	1463113	1067718	0
S13_session1_set1_run2	1	Response	1	1504203	1108808	0
S13_session1_set1_run2	1	Pulse	1	1504203	1108808	0
S13_session1_set1_run2	1	Response	1	1545293	1149897	0
S13_session1_set1_run2	1	Pulse	1	1545293	1149897	0
S13_session1_set1_run2	1	Response	1	1586383	1190987	0
S13_session1_set1_run2	1	Pulse	1	1586383	1190987	0
S13_session1_set1_run2	2	Picture	BL	1597681	0	1	832666	1	0	next	other	0
S13_session1_set1_run2	2	Response	1	1627473	29792	0
S13_session1_set1_run2	2	Pulse	1	1627473	29792	0
S13_session1_set1_run2	2	Response	1	1668562	70881	0
S13_session1_set1_run2	2	Pulse	1	1668562	70881	0
S13_session1_set1_run2	2	Response	1	1709652	111971	0
S13_session1_set1_run2	2	Pulse	1	1709652	111971	0
S13_session1_set1_run2	2	Video	Action2	1709710	112029	1			0		other	0
S13_session1_set1_run2	2	Response	1	1750743	153062	0
S13_session1_set1_run2	2	Pulse	1	1750743	153062	0
S13_session1_set1_run2	2	Response	1	1791833	194152	0
S13_session1_set1_run2	2	Pulse	1	1791833	194152	0
S13_session1_set1_run2	2	Response	1	1832923	235242	0
S13_session1_set1_run2	2	Pulse	1	1832923	235242	0
S13_session1_set1_run2	2	Response	1	1874013	276332	0
S13_session1_set1_run2	2	Pulse	1	1874013	276332	0
S13_session1_set1_run2	2	Response	1	1915102	317421	0
S13_session1_set1_run2	2	Pulse	1	1915102	317421	0
S13_session1_set1_run2	2	Response	1	1956192	358511	0
S13_session1_set1_run2	2	Pulse	1	1956192	358511	0
S13_session1_set1_run2	2	Response	1	1997274	399593	9
S13_session1_set1_run2	2	Pulse	1	1997274	399593	9
S13_session1_set1_run2	2	Response	1	2038372	440691	0
S13_session1_set1_run2	2	Pulse	1	2038372	440691	0
S13_session1_set1_run2	2	Response	1	2079463	481782	0
S13_session1_set1_run2	2	Pulse	1	2079463	481782	0
S13_session1_set1_run2	2	Response	1	2120553	522872	0
S13_session1_set1_run2	2	Pulse	1	2120553	522872	0
S13_session1_set1_run2	2	Response	1	2161642	563961	0
S13_session1_set1_run2	2	Pulse	1	2161642	563961	0
S13_session1_set1_run2	2	Response	1	2202732	605051	0
S13_session1_set1_run2	2	Pulse	1	2202732	605051	0
S13_session1_set1_run2	2	Response	1	2243812	646131	0
S13_session1_set1_run2	2	Pulse	1	2243812	646131	0
S13_session1_set1_run2	2	Response	1	2284913	687232	0
S13_session1_set1_run2	2	Pulse	1	2284913	687232	0
S13_session1_set1_run2	2	Response	1	2325992	728311	0
S13_session1_set1_run2	2	Pulse	1	2325992	728311	0
S13_session1_set1_run2	2	Response	1	2367082	769401	0
S13_session1_set1_run2	2	Pulse	1	2367082	769401	0
S13_session1_set1_run2	2	Response	1	2408172	810491	0
S13_session1_set1_run2	2	Pulse	1	2408172	810491	0
S13_session1_set1_run2	3	Picture	BL	2430347	0	1	1221805	1	0	next	other	0
S13_session1_set1_run2	3	Response	1	2449262	18915	0
S13_session1_set1_run2	3	Pulse	1	2449262	18915	0
S13_session1_set1_run2	3	Response	1	2490352	60005	0
S13_session1_set1_run2	3	Pulse	1	2490352	60005	0
S13_session1_set1_run2	3	Response	1	2531442	101095	0
S13_session1_set1_run2	3	Pulse	1	2531442	101095	0
S13_session1_set1_run2	3	Video	Action3	2531532	101185	1			0		other	0
S13_session1_set1_run2	3	Response	1	2572532	142185	0
S13_session1_set1_run2	3	Pulse	1	2572532	142185	0
S13_session1_set1_run2	3	Response	1	2613622	183275	0
S13_session1_set1_run2	3	Pulse	1	2613622	183275	0
S13_session1_set1_run2	3	Response	1	2654712	224365	0
S13_session1_set1_run2	3	Pulse	1	2654712	224365	0
S13_session1_set1_run2	3	Response	1	2695802	265455	0
S13_session1_set1_run2	3	Pulse	1	2695802	265455	0
S13_session1_set1_run2	3	Response	1	2736892	306545	0
S13_session1_set1_run2	3	Pulse	1	2736892	306545	0
S13_session1_set1_run2	3	Response	1	2777982	347635	0
S13_session1_set1_run2	3	Pulse	1	2777982	347635	0
S13_session1_set1_run2	3	Response	1	2819064	388717	8
S13_session1_set1_run2	3	Pulse	1	2819064	388717	8
S13_session1_set1_run2	3	Response	1	2860162	429815	0
S13_session1_set1_run2	3	Pulse	1	2860162	429815	0
S13_session1_set1_run2	3	Response	1	2901252	470905	0
S13_session1_set1_run2	3	Pulse	1	2901252	470905	0
S13_session1_set1_run2	3	Response	1	2942342	511995	0
S13_session1_set1_run2	3	Pulse	1	2942342	511995	0
S13_session1_set1_run2	3	Response	1	2983432	553085	0
S13_session1_set1_run2	3	Pulse	1	2983432	553085	0
S13_session1_set1_run2	3	Response	1	3024522	594175	0
S13_session1_set1_run2	3	Pulse	1	3024522	594175	0
S13_session1_set1_run2	3	Response	1	3065612	635265	0
S13_session1_set1_run2	3	Pulse	1	3065612	635265	0
S13_session1_set1_run2	3	Response	1	3106702	676355	0
S13_session1_set1_run2	3	Pulse	1	3106702	676355	0
S13_session1_set1_run2	3	Response	1	3147792	717445	0
S13_session1_set1_run2	3	Pulse	1	3147792	717445	0
S13_session1_set1_run2	3	Response	1	3188882	758535	0
S13_session1_set1_run2	3	Pulse	1	3188882	758535	0
S13_session1_set1_run2	3	Response	1	3229972	799625	0
S13_session1_set1_run2	3	Pulse	1	3229972	799625	0
S13_session1_set1_run2	3	Response	1	3271062	840715	0
S13_session1_set1_run2	3	Pulse	1	3271062	840715	0
S13_session1_set1_run2	3	Response	1	3312152	881805	0
S13_session1_set1_run2	3	Pulse	1	3312152	881805	0
S13_session1_set1_run2	3	Response	1	3353242	922895	0
S13_session1_set1_run2	3	Pulse	1	3353242	922895	0
S13_session1_set1_run2	3	Response	1	3394332	963985	0
S13_session1_set1_run2	3	Pulse	1	3394332	963985	0
S13_session1_set1_run2	3	Response	1	3435422	1005075	0
S13_session1_set1_run2	3	Pulse	1	3435422	1005075	0
S13_session1_set1_run2	3	Response	1	3476512	1046165	0
S13_session1_set1_run2	3	Pulse	1	3476512	1046165	0
S13_session1_set1_run2	3	Response	1	3517602	1087255	0
S13_session1_set1_run2	3	Pulse	1	3517602	1087255	0
S13_session1_set1_run2	3	Response	1	3558692	1128345	1
S13_session1_set1_run2	3	Pulse	1	3558692	1128345	1
S13_session1_set1_run2	3	Response	1	3599782	1169435	0
S13_session1_set1_run2	3	Pulse	1	3599782	1169435	0
S13_session1_set1_run2	3	Response	1	3640872	1210525	0
S13_session1_set1_run2	3	Pulse	1	3640872	1210525	0
S13_session1_set1_run2	4	Picture	BL	3652152	0	1	902653	1	0	next	other	0
S13_session1_set1_run2	4	Response	1	3681962	29809	0
S13_session1_set1_run2	4	Pulse	1	3681962	29809	0
S13_session1_set1_run2	4	Response	1	3723052	70900	0
S13_session1_set1_run2	4	Pulse	1	3723052	70900	0
S13_session1_set1_run2	4	Response	1	3764141	111989	0
S13_session1_set1_run2	4	Pulse	1	3764141	111989	0
S13_session1_set1_run2	4	Video	Action4	3764181	112029	1			0		other	0
S13_session1_set1_run2	4	Response	1	3805231	153079	0
S13_session1_set1_run2	4	Pulse	1	3805231	153079	0
S13_session1_set1_run2	4	Response	1	3846322	194169	0
S13_session1_set1_run2	4	Pulse	1	3846322	194169	0
S13_session1_set1_run2	4	Response	1	3887412	235259	0
S13_session1_set1_run2	4	Pulse	1	3887412	235259	0
S13_session1_set1_run2	4	Response	1	3928502	276349	0
S13_session1_set1_run2	4	Pulse	1	3928502	276349	0
S13_session1_set1_run2	4	Response	1	3969591	317439	0
S13_session1_set1_run2	4	Pulse	1	3969591	317439	0
S13_session1_set1_run2	4	Response	1	4010682	358530	0
S13_session1_set1_run2	4	Pulse	1	4010682	358530	0
S13_session1_set1_run2	4	Response	1	4051759	399607	12
S13_session1_set1_run2	4	Pulse	1	4051759	399607	12
S13_session1_set1_run2	4	Response	1	4092862	440709	0
S13_session1_set1_run2	4	Pulse	1	4092862	440709	0
S13_session1_set1_run2	4	Response	1	4133952	481799	0
S13_session1_set1_run2	4	Pulse	1	4133952	481799	0
S13_session1_set1_run2	4	Response	1	4175032	522879	0
S13_session1_set1_run2	4	Pulse	1	4175032	522879	0
S13_session1_set1_run2	4	Response	1	4216122	563969	0
S13_session1_set1_run2	4	Pulse	1	4216122	563969	0
S13_session1_set1_run2	4	Response	1	4257211	605059	0
S13_session1_set1_run2	4	Pulse	1	4257211	605059	0
S13_session1_set1_run2	4	Response	1	4298301	646149	0
S13_session1_set1_run2	4	Pulse	1	4298301	646149	0
S13_session1_set1_run2	4	Response	1	4339392	687239	0
S13_session1_set1_run2	4	Pulse	1	4339392	687239	0
S13_session1_set1_run2	4	Response	1	4380481	728329	0
S13_session1_set1_run2	4	Pulse	1	4380481	728329	0
S13_session1_set1_run2	4	Response	1	4421571	769419	0
S13_session1_set1_run2	4	Pulse	1	4421571	769419	0
S13_session1_set1_run2	4	Response	1	4462661	810509	0
S13_session1_set1_run2	4	Pulse	1	4462661	810509	0
S13_session1_set1_run2	4	Response	1	4503752	851599	0
S13_session1_set1_run2	4	Pulse	1	4503752	851599	0
S13_session1_set1_run2	4	Response	1	4544841	892689	0
S13_session1_set1_run2	4	Pulse	1	4544841	892689	0
S13_session1_set1_run2	5	Picture	BL	4554805	0	1	834084	1	0	next	other	0
S13_session1_set1_run2	5	Response	1	4585931	31126	0
S13_session1_set1_run2	5	Pulse	1	4585931	31126	0
S13_session1_set1_run2	5	Response	1	4627021	72216	0
S13_session1_set1_run2	5	Pulse	1	4627021	72216	0
S13_session1_set1_run2	5	Response	1	4668111	113306	0
S13_session1_set1_run2	5	Pulse	1	4668111	113306	0
S13_session1_set1_run2	5	Video	Action5	4668169	113363	1			0		other	0
S13_session1_set1_run2	5	Response	1	4709201	154396	0
S13_session1_set1_run2	5	Pulse	1	4709201	154396	0
S13_session1_set1_run2	5	Response	1	4750292	195487	0
S13_session1_set1_run2	5	Pulse	1	4750292	195487	0
S13_session1_set1_run2	5	Response	1	4791382	236576	0
S13_session1_set1_run2	5	Pulse	1	4791382	236576	0
S13_session1_set1_run2	5	Response	1	4832472	277666	0
S13_session1_set1_run2	5	Pulse	1	4832472	277666	0
S13_session1_set1_run2	5	Response	1	4873561	318756	0
S13_session1_set1_run2	5	Pulse	1	4873561	318756	0
S13_session1_set1_run2	5	Response	1	4914651	359846	0
S13_session1_set1_run2	5	Pulse	1	4914651	359846	0
S13_session1_set1_run2	5	Response	1	4955734	400928	8
S13_session1_set1_run2	5	Pulse	1	4955734	400928	8
S13_session1_set1_run2	5	Response	1	4996831	442026	0
S13_session1_set1_run2	5	Pulse	1	4996831	442026	0
S13_session1_set1_run2	5	Response	1	5037921	483116	0
S13_session1_set1_run2	5	Pulse	1	5037921	483116	0
S13_session1_set1_run2	5	Response	1	5079011	524206	0
S13_session1_set1_run2	5	Pulse	1	5079011	524206	0
S13_session1_set1_run2	5	Response	1	5120101	565296	0
S13_session1_set1_run2	5	Pulse	1	5120101	565296	0
S13_session1_set1_run2	5	Response	1	5161191	606386	0
S13_session1_set1_run2	5	Pulse	1	5161191	606386	0
S13_session1_set1_run2	5	Response	1	5202281	647476	0
S13_session1_set1_run2	5	Pulse	1	5202281	647476	0
S13_session1_set1_run2	5	Response	1	5243371	688566	0
S13_session1_set1_run2	5	Pulse	1	5243371	688566	0
S13_session1_set1_run2	5	Response	1	5284462	729657	0
S13_session1_set1_run2	5	Pulse	1	5284462	729657	0
S13_session1_set1_run2	5	Response	1	5325551	770746	0
S13_session1_set1_run2	5	Pulse	1	5325551	770746	0
S13_session1_set1_run2	5	Response	1	5366641	811836	0
S13_session1_set1_run2	5	Pulse	1	5366641	811836	0
S13_session1_set1_run2	6	Picture	BL	5388889	0	1	601768	1	0	next	other	0
S13_session1_set1_run2	6	Response	1	5407731	18841	0
S13_session1_set1_run2	6	Pulse	1	5407731	18841	0
S13_session1_set1_run2	6	Response	1	5448820	59931	0
S13_session1_set1_run2	6	Pulse	1	5448820	59931	0
S13_session1_set1_run2	6	Response	1	5489910	101021	0
S13_session1_set1_run2	6	Pulse	1	5489910	101021	0
S13_session1_set1_run2	6	Video	Action6	5489991	101101	1			0		other	0
S13_session1_set1_run2	6	Response	1	5531001	142112	0
S13_session1_set1_run2	6	Pulse	1	5531001	142112	0
S13_session1_set1_run2	6	Response	1	5572091	183201	0
S13_session1_set1_run2	6	Pulse	1	5572091	183201	0
S13_session1_set1_run2	6	Response	1	5613181	224291	0
S13_session1_set1_run2	6	Pulse	1	5613181	224291	0
S13_session1_set1_run2	6	Response	1	5654271	265381	0
S13_session1_set1_run2	6	Pulse	1	5654271	265381	0
S13_session1_set1_run2	6	Response	1	5695361	306471	0
S13_session1_set1_run2	6	Pulse	1	5695361	306471	0
S13_session1_set1_run2	6	Response	1	5736451	347561	0
S13_session1_set1_run2	6	Pulse	1	5736451	347561	0
S13_session1_set1_run2	6	Response	1	5777541	388651	0
S13_session1_set1_run2	6	Pulse	1	5777541	388651	0
S13_session1_set1_run2	6	Response	1	5818631	429741	0
S13_session1_set1_run2	6	Pulse	1	5818631	429741	0
S13_session1_set1_run2	6	Response	1	5859721	470831	0
S13_session1_set1_run2	6	Pulse	1	5859721	470831	0
S13_session1_set1_run2	6	Response	1	5900811	511922	0
S13_session1_set1_run2	6	Pulse	1	5900811	511922	0
S13_session1_set1_run2	6	Response	1	5941901	553011	0
S13_session1_set1_run2	6	Pulse	1	5941901	553011	0
S13_session1_set1_run2	6	Response	1	5982991	594101	0
S13_session1_set1_run2	6	Pulse	1	5982991	594101	0
S13_session1_set1_run2	7	Picture	BL	5990658	0	1	906407	1	0	next	other	0
S13_session1_set1_run2	7	Response	1	6024071	33413	0
S13_session1_set1_run2	7	Pulse	1	6024071	33413	0
S13_session1_set1_run2	7	Response	1	6065160	74502	0
S13_session1_set1_run2	7	Pulse	1	6065160	74502	0
S13_session1_set1_run2	7	Response	1	6106251	115593	0
S13_session1_set1_run2	7	Pulse	1	6106251	115593	0
S13_session1_set1_run2	7	Video	Action7	6106357	115699	1			0		other	0
S13_session1_set1_run2	7	Response	1	6147341	156683	0
S13_session1_set1_run2	7	Pulse	1	6147341	156683	0
S13_session1_set1_run2	7	Response	1	6188431	197773	0
S13_session1_set1_run2	7	Pulse	1	6188431	197773	0
S13_session1_set1_run2	7	Response	1	6229521	238863	0
S13_session1_set1_run2	7	Pulse	1	6229521	238863	0
S13_session1_set1_run2	7	Response	1	6270611	279953	0
S13_session1_set1_run2	7	Pulse	1	6270611	279953	0
S13_session1_set1_run2	7	Response	1	6311701	321043	0
S13_session1_set1_run2	7	Pulse	1	6311701	321043	0
S13_session1_set1_run2	7	Response	1	6352791	362133	0
S13_session1_set1_run2	7	Pulse	1	6352791	362133	0
S13_session1_set1_run2	7	Response	1	6393877	403219	4
S13_session1_set1_run2	7	Pulse	1	6393877	403219	4
S13_session1_set1_run2	7	Response	1	6434970	444313	0
S13_session1_set1_run2	7	Pulse	1	6434970	444313	0
S13_session1_set1_run2	7	Response	1	6476060	485402	0
S13_session1_set1_run2	7	Pulse	1	6476060	485402	0
S13_session1_set1_run2	7	Response	1	6517150	526493	0
S13_session1_set1_run2	7	Pulse	1	6517150	526493	0
S13_session1_set1_run2	7	Response	1	6558241	567583	0
S13_session1_set1_run2	7	Pulse	1	6558241	567583	0
S13_session1_set1_run2	7	Response	1	6599330	608673	0
S13_session1_set1_run2	7	Pulse	1	6599330	608673	0
S13_session1_set1_run2	7	Response	1	6640420	649763	0
S13_session1_set1_run2	7	Pulse	1	6640420	649763	0
S13_session1_set1_run2	7	Response	1	6681510	690853	1
S13_session1_set1_run2	7	Pulse	1	6681510	690853	1
S13_session1_set1_run2	7	Response	1	6722600	731943	0
S13_session1_set1_run2	7	Pulse	1	6722600	731943	0
S13_session1_set1_run2	7	Response	1	6763691	773033	0
S13_session1_set1_run2	7	Pulse	1	6763691	773033	0
S13_session1_set1_run2	7	Response	1	6804780	814123	0
S13_session1_set1_run2	7	Pulse	1	6804780	814123	0
S13_session1_set1_run2	7	Response	1	6845870	855212	0
S13_session1_set1_run2	7	Pulse	1	6845870	855212	0
S13_session1_set1_run2	7	Response	1	6886960	896303	0
S13_session1_set1_run2	7	Pulse	1	6886960	896303	0
S13_session1_set1_run2	8	Picture	BL	6897064	0	1	933851	1	0	next	other	0
S13_session1_set1_run2	8	Response	1	6928050	30985	0
S13_session1_set1_run2	8	Pulse	1	6928050	30985	0
S13_session1_set1_run2	8	Response	1	6969140	72076	0
S13_session1_set1_run2	8	Pulse	1	6969140	72076	0
S13_session1_set1_run2	8	Response	1	7010230	113166	0
S13_session1_set1_run2	8	Pulse	1	7010230	113166	0
S13_session1_set1_run2	8	Video	Action8	7010344	113280	1			0		other	0
S13_session1_set1_run2	8	Response	1	7051320	154256	0
S13_session1_set1_run2	8	Pulse	1	7051320	154256	0
S13_session1_set1_run2	8	Response	1	7092410	195346	0
S13_session1_set1_run2	8	Pulse	1	7092410	195346	0
S13_session1_set1_run2	8	Response	1	7133500	236436	0
S13_session1_set1_run2	8	Pulse	1	7133500	236436	0
S13_session1_set1_run2	8	Response	1	7174590	277526	0
S13_session1_set1_run2	8	Pulse	1	7174590	277526	0
S13_session1_set1_run2	8	Response	1	7215681	318616	0
S13_session1_set1_run2	8	Pulse	1	7215681	318616	0
S13_session1_set1_run2	8	Response	1	7256770	359706	0
S13_session1_set1_run2	8	Pulse	1	7256770	359706	0
S13_session1_set1_run2	8	Response	1	7297860	400795	1
S13_session1_set1_run2	8	Pulse	1	7297860	400795	1
S13_session1_set1_run2	8	Response	1	7338950	441886	0
S13_session1_set1_run2	8	Pulse	1	7338950	441886	0
S13_session1_set1_run2	8	Response	1	7380040	482976	0
S13_session1_set1_run2	8	Pulse	1	7380040	482976	0
S13_session1_set1_run2	8	Response	1	7421130	524066	0
S13_session1_set1_run2	8	Pulse	1	7421130	524066	0
S13_session1_set1_run2	8	Response	1	7462220	565155	0
S13_session1_set1_run2	8	Pulse	1	7462220	565155	0
S13_session1_set1_run2	8	Response	1	7503310	606246	0
S13_session1_set1_run2	8	Pulse	1	7503310	606246	0
S13_session1_set1_run2	8	Response	1	7544400	647336	0
S13_session1_set1_run2	8	Pulse	1	7544400	647336	0
S13_session1_set1_run2	8	Response	1	7585490	688426	0
S13_session1_set1_run2	8	Pulse	1	7585490	688426	0
S13_session1_set1_run2	8	Response	1	7626580	729516	0
S13_session1_set1_run2	8	Pulse	1	7626580	729516	0
S13_session1_set1_run2	8	Response	1	7667671	770606	0
S13_session1_set1_run2	8	Pulse	1	7667671	770606	0
S13_session1_set1_run2	8	Response	1	7708760	811696	0
S13_session1_set1_run2	8	Pulse	1	7708760	811696	0
S13_session1_set1_run2	8	Response	1	7749839	852775	11
S13_session1_set1_run2	8	Pulse	1	7749839	852775	11
S13_session1_set1_run2	8	Response	1	7790940	893876	0
S13_session1_set1_run2	8	Pulse	1	7790940	893876	0
S13_session1_set1_run2	9	Picture	BL	7830915	0	1	594011	1	0	next	other	0
S13_session1_set1_run2	9	Response	1	7832030	1115	0
S13_session1_set1_run2	9	Pulse	1	7832030	1115	0
S13_session1_set1_run2	9	Response	1	7873119	42204	0
S13_session1_set1_run2	9	Pulse	1	7873119	42204	0
S13_session1_set1_run2	9	Response	1	7914200	83285	0
S13_session1_set1_run2	9	Pulse	1	7914200	83285	0
S13_session1_set1_run2	9	Video	Action9	7914248	83333	1			0		other	0
S13_session1_set1_run2	9	Response	1	7955290	124375	0
S13_session1_set1_run2	9	Pulse	1	7955290	124375	0
S13_session1_set1_run2	9	Response	1	7996380	165465	0
S13_session1_set1_run2	9	Pulse	1	7996380	165465	0
S13_session1_set1_run2	9	Response	1	8037470	206555	0
S13_session1_set1_run2	9	Pulse	1	8037470	206555	0
S13_session1_set1_run2	9	Response	1	8078560	247645	0
S13_session1_set1_run2	9	Pulse	1	8078560	247645	0
S13_session1_set1_run2	9	Response	1	8119650	288735	0
S13_session1_set1_run2	9	Pulse	1	8119650	288735	0
S13_session1_set1_run2	9	Response	1	8160740	329825	0
S13_session1_set1_run2	9	Pulse	1	8160740	329825	0
S13_session1_set1_run2	9	Response	1	8201829	370914	1
S13_session1_set1_run2	9	Pulse	1	8201829	370914	1
S13_session1_set1_run2	9	Response	1	8242920	412005	0
S13_session1_set1_run2	9	Pulse	1	8242920	412005	0
S13_session1_set1_run2	9	Response	1	8284010	453095	0
S13_session1_set1_run2	9	Pulse	1	8284010	453095	0
S13_session1_set1_run2	9	Response	1	8325100	494185	0
S13_session1_set1_run2	9	Pulse	1	8325100	494185	0
S13_session1_set1_run2	9	Response	1	8366190	535275	0
S13_session1_set1_run2	9	Pulse	1	8366190	535275	0
S13_session1_set1_run2	9	Response	1	8407280	576365	0
S13_session1_set1_run2	9	Pulse	1	8407280	576365	0
S13_session1_set1_run2	10	Picture	BL	8424926	0	1	5411193	1	0	next	other	0
S13_session1_set1_run2	10	Response	1	8448369	23444	0
S13_session1_set1_run2	10	Pulse	1	8448369	23444	0
S13_session1_set1_run2	10	Response	1	8489459	64533	0
S13_session1_set1_run2	10	Pulse	1	8489459	64533	0
S13_session1_set1_run2	10	Response	1	8530549	105623	0
S13_session1_set1_run2	10	Pulse	1	8530549	105623	0
S13_session1_set1_run2	10	Video	Action10	8530615	105689	1			0		other	0
S13_session1_set1_run2	10	Response	1	8571639	146714	0
S13_session1_set1_run2	10	Pulse	1	8571639	146714	0
S13_session1_set1_run2	10	Response	1	8612729	187804	0
S13_session1_set1_run2	10	Pulse	1	8612729	187804	0
S13_session1_set1_run2	10	Response	1	8653819	228894	1
S13_session1_set1_run2	10	Pulse	1	8653819	228894	1
S13_session1_set1_run2	10	Response	1	8694909	269984	0
S13_session1_set1_run2	10	Pulse	1	8694909	269984	0
S13_session1_set1_run2	10	Response	1	8736000	311074	0
S13_session1_set1_run2	10	Pulse	1	8736000	311074	0
S13_session1_set1_run2	10	Response	1	8777090	352164	0
S13_session1_set1_run2	10	Pulse	1	8777090	352164	0
S13_session1_set1_run2	10	Response	1	8818169	393243	11
S13_session1_set1_run2	10	Pulse	1	8818169	393243	11
S13_session1_set1_run2	10	Response	1	8859269	434344	0
S13_session1_set1_run2	10	Pulse	1	8859269	434344	0
S13_session1_set1_run2	10	Response	1	8900359	475434	0
S13_session1_set1_run2	10	Pulse	1	8900359	475434	0
S13_session1_set1_run2	10	Response	1	8941449	516524	0
S13_session1_set1_run2	10	Pulse	1	8941449	516524	0
S13_session1_set1_run2	10	Response	1	8982539	557613	0
S13_session1_set1_run2	10	Pulse	1	8982539	557613	0
S13_session1_set1_run2	10	Response	1	9023630	598704	0
S13_session1_set1_run2	10	Pulse	1	9023630	598704	0
S13_session1_set1_run2	10	Response	1	9064719	639793	0
S13_session1_set1_run2	10	Pulse	1	9064719	639793	0
S13_session1_set1_run2	10	Response	1	9105809	680884	1
S13_session1_set1_run2	10	Pulse	1	9105809	680884	1
S13_session1_set1_run2	10	Response	1	9146899	721973	0
S13_session1_set1_run2	10	Pulse	1	9146899	721973	0
S13_session1_set1_run2	10	Response	1	9187989	763063	0
S13_session1_set1_run2	10	Pulse	1	9187989	763063	0
S13_session1_set1_run2	10	Response	1	9229080	804154	0
S13_session1_set1_run2	10	Pulse	1	9229080	804154	0
S13_session1_set1_run2	10	Response	1	9270169	845243	0
S13_session1_set1_run2	10	Pulse	1	9270169	845243	0
S13_session1_set1_run2	10	Response	1	9311259	886333	0
S13_session1_set1_run2	10	Pulse	1	9311259	886333	0
S13_session1_set1_run2	10	Response	1	9352349	927423	0
S13_session1_set1_run2	10	Pulse	1	9352349	927423	0
S13_session1_set1_run2	10	Response	1	9677079	1252153	0
S13_session1_set1_run2	10	Pulse	1	9677079	1252153	0
S13_session1_set1_run2	10	Response	1	9718169	1293243	0
S13_session1_set1_run2	10	Pulse	1	9718169	1293243	0
S13_session1_set1_run2	10	Response	1	9759258	1334333	0
S13_session1_set1_run2	10	Pulse	1	9759258	1334333	0
S13_session1_set1_run2	10	Response	1	9800349	1375423	0
S13_session1_set1_run2	10	Pulse	1	9800349	1375423	0
S13_session1_set1_run2	10	Response	1	9841439	1416513	0
S13_session1_set1_run2	10	Pulse	1	9841439	1416513	0
S13_session1_set1_run2	10	Quit		13814689	5389763	NA


video summary
filename	start frame	end frame	frames presented	frames dropped	start time	end time	duration
H:\SBL\1.ActionPrediction_June2017\Stimuli\S8frameD.avi	1	2800	2688	112	477060	1597097	1120037
H:\SBL\1.ActionPrediction_June2017\Stimuli\S6cigaretteD.avi	1	1800	1728	72	1709710	2429763	720053
H:\SBL\1.ActionPrediction_June2017\Stimuli\M8frameD.avi	1	2800	2800	0	2531532	3651569	1120037
H:\SBL\1.ActionPrediction_June2017\Stimuli\S3breakfastD.avi	1	1975	1896	79	3764181	4554221	790040
H:\SBL\1.ActionPrediction_June2017\Stimuli\M6cigaretteD.avi	1	1800	1800	0	4668169	5388222	720053
H:\SBL\1.ActionPrediction_June2017\Stimuli\S1ballonD.avi	1	1250	1249	1	5489991	5989991	500000
H:\SBL\1.ActionPrediction_June2017\Stimuli\M3breakfastD.avi	1	1975	1975	0	6106357	6896397	790040
H:\SBL\1.ActionPrediction_June2017\Stimuli\S7flowersD.avi	1	2050	1968	82	7010344	7830331	819987
H:\SBL\1.ActionPrediction_June2017\Stimuli\M1ballonD.avi	1	1275	1224	51	7914248	8424342	510094
H:\SBL\1.ActionPrediction_June2017\Stimuli\M7flowersD.avi	1	2025	2024	1	8530615	9340675	810060


Event Type	Code	Type	Response	RT	RT Uncertainty	Time	Uncertainty	Duration	Uncertainty	ReqTime	ReqDur

Picture	BL	other				395395	1	1202286	1	0	next
Video	Action1	other				477060	1			0
Picture	BL	other				1597681	1	832666	1	0	next
Video	Action2	other				1709710	1			0
Picture	BL	other				2430347	1	1221805	1	0	next
Video	Action3	other				2531532	1			0
Picture	BL	other				3652152	1	902653	1	0	next
Video	Action4	other				3764181	1			0
Picture	BL	other				4554805	1	834084	1	0	next
Video	Action5	other				4668169	1			0
Picture	BL	other				5388889	1	601768	1	0	next
Video	Action6	other				5489991	1			0
Picture	BL	other				5990658	1	906407	1	0	next
Video	Action7	other				6106357	1			0
Picture	BL	other				6897064	1	933851	1	0	next
Video	Action8	other				7010344	1			0
Picture	BL	other				7830915	1	594011	1	0	next
Video	Action9	other				7914248	1			0
Picture	BL	other				8424926	1	5411193	1	0	next
Video	Action10	other				8530615	1			0
