Scenario - Set2
Logfile written - 09/14/2018 12:15:49

Subject	Trial	Event Type	Code	Time	TTime	Uncertainty	Duration	Uncertainty	ReqTime	ReqDur	Stim Type	Pair Index

S13_session1_set2_run1	0	Response	1	334926	334926	0
S13_session1_set2_run1	0	Pulse	1	334926	334926	0
S13_session1_set2_run1	0	Response	1	376016	376016	0
S13_session1_set2_run1	0	Pulse	1	376016	376016	0
S13_session1_set2_run1	1	Picture	BL	376626	0	1	502252	1	0	next	other	0
S13_session1_set2_run1	1	Response	1	417105	40479	0
S13_session1_set2_run1	1	Pulse	1	417105	40479	0
S13_session1_set2_run1	1	Response	1	458196	81569	0
S13_session1_set2_run1	1	Pulse	1	458196	81569	0
S13_session1_set2_run1	1	Video	Action1	458291	81665	1			0		other	0
S13_session1_set2_run1	1	Response	1	499286	122659	0
S13_session1_set2_run1	1	Pulse	1	499286	122659	0
S13_session1_set2_run1	1	Response	1	540376	163749	0
S13_session1_set2_run1	1	Pulse	1	540376	163749	0
S13_session1_set2_run1	1	Response	1	581466	204839	0
S13_session1_set2_run1	1	Pulse	1	581466	204839	0
S13_session1_set2_run1	1	Response	1	622556	245929	0
S13_session1_set2_run1	1	Pulse	1	622556	245929	0
S13_session1_set2_run1	1	Response	1	663646	287019	0
S13_session1_set2_run1	1	Pulse	1	663646	287019	0
S13_session1_set2_run1	1	Response	1	704736	328109	0
S13_session1_set2_run1	1	Pulse	1	704736	328109	0
S13_session1_set2_run1	1	Response	1	745817	369190	9
S13_session1_set2_run1	1	Pulse	1	745817	369190	9
S13_session1_set2_run1	1	Response	1	786916	410289	0
S13_session1_set2_run1	1	Pulse	1	786916	410289	0
S13_session1_set2_run1	1	Response	1	828006	451380	0
S13_session1_set2_run1	1	Pulse	1	828006	451380	0
S13_session1_set2_run1	1	Response	1	869096	492469	1
S13_session1_set2_run1	1	Pulse	1	869096	492469	1
S13_session1_set2_run1	2	Picture	BL	878879	0	1	604188	1	0	next	other	0
S13_session1_set2_run1	2	Response	1	910186	31307	0
S13_session1_set2_run1	2	Pulse	1	910186	31307	0
S13_session1_set2_run1	2	Response	1	951276	72397	0
S13_session1_set2_run1	2	Pulse	1	951276	72397	0
S13_session1_set2_run1	2	Response	1	992366	113487	0
S13_session1_set2_run1	2	Pulse	1	992366	113487	0
S13_session1_set2_run1	2	Video	Action2	992409	113530	1			0		other	0
S13_session1_set2_run1	2	Response	1	1033455	154577	0
S13_session1_set2_run1	2	Pulse	1	1033455	154577	0
S13_session1_set2_run1	2	Response	1	1074546	195667	0
S13_session1_set2_run1	2	Pulse	1	1074546	195667	0
S13_session1_set2_run1	2	Response	1	1115636	236757	1
S13_session1_set2_run1	2	Pulse	1	1115636	236757	1
S13_session1_set2_run1	2	Response	1	1156726	277847	0
S13_session1_set2_run1	2	Pulse	1	1156726	277847	0
S13_session1_set2_run1	2	Response	1	1197816	318937	0
S13_session1_set2_run1	2	Pulse	1	1197816	318937	0
S13_session1_set2_run1	2	Response	1	1238905	360027	0
S13_session1_set2_run1	2	Pulse	1	1238905	360027	0
S13_session1_set2_run1	2	Response	1	1279986	401107	10
S13_session1_set2_run1	2	Pulse	1	1279986	401107	10
S13_session1_set2_run1	2	Response	1	1321086	442207	0
S13_session1_set2_run1	2	Pulse	1	1321086	442207	0
S13_session1_set2_run1	2	Response	1	1362175	483297	0
S13_session1_set2_run1	2	Pulse	1	1362175	483297	0
S13_session1_set2_run1	2	Response	1	1403266	524387	0
S13_session1_set2_run1	2	Pulse	1	1403266	524387	0
S13_session1_set2_run1	2	Response	1	1444355	565476	0
S13_session1_set2_run1	2	Pulse	1	1444355	565476	0
S13_session1_set2_run1	3	Picture	BL	1483066	0	1	505255	1	0	next	other	0
S13_session1_set2_run1	3	Response	1	1485445	2379	0
S13_session1_set2_run1	3	Pulse	1	1485445	2379	0
S13_session1_set2_run1	3	Response	1	1526535	43469	0
S13_session1_set2_run1	3	Pulse	1	1526535	43469	0
S13_session1_set2_run1	3	Response	1	1567625	84559	0
S13_session1_set2_run1	3	Pulse	1	1567625	84559	0
S13_session1_set2_run1	3	Video	Action3	1567734	84668	1			0		other	0
S13_session1_set2_run1	3	Response	1	1608715	125649	0
S13_session1_set2_run1	3	Pulse	1	1608715	125649	0
S13_session1_set2_run1	3	Response	1	1649806	166739	0
S13_session1_set2_run1	3	Pulse	1	1649806	166739	0
S13_session1_set2_run1	3	Response	1	1690896	207829	1
S13_session1_set2_run1	3	Pulse	1	1690896	207829	1
S13_session1_set2_run1	3	Response	1	1731985	248919	0
S13_session1_set2_run1	3	Pulse	1	1731985	248919	0
S13_session1_set2_run1	3	Response	1	1773065	289999	0
S13_session1_set2_run1	3	Pulse	1	1773065	289999	0
S13_session1_set2_run1	3	Response	1	1814155	331089	0
S13_session1_set2_run1	3	Pulse	1	1814155	331089	0
S13_session1_set2_run1	3	Response	1	1855246	372180	0
S13_session1_set2_run1	3	Pulse	1	1855246	372180	0
S13_session1_set2_run1	3	Response	1	1896335	413269	0
S13_session1_set2_run1	3	Pulse	1	1896335	413269	0
S13_session1_set2_run1	3	Response	1	1937425	454359	0
S13_session1_set2_run1	3	Pulse	1	1937425	454359	0
S13_session1_set2_run1	3	Response	1	1978515	495449	1
S13_session1_set2_run1	3	Pulse	1	1978515	495449	1
S13_session1_set2_run1	4	Picture	BL	1988322	0	1	734151	1	0	next	other	0
S13_session1_set2_run1	4	Response	1	2019605	31283	0
S13_session1_set2_run1	4	Pulse	1	2019605	31283	0
S13_session1_set2_run1	4	Response	1	2060695	72373	0
S13_session1_set2_run1	4	Pulse	1	2060695	72373	0
S13_session1_set2_run1	4	Response	1	2101785	113463	0
S13_session1_set2_run1	4	Pulse	1	2101785	113463	0
S13_session1_set2_run1	4	Video	Action4	2101852	113530	1			0		other	0
S13_session1_set2_run1	4	Response	1	2142876	154554	0
S13_session1_set2_run1	4	Pulse	1	2142876	154554	0
S13_session1_set2_run1	4	Response	1	2183965	195643	0
S13_session1_set2_run1	4	Pulse	1	2183965	195643	0
S13_session1_set2_run1	4	Response	1	2225055	236733	0
S13_session1_set2_run1	4	Pulse	1	2225055	236733	0
S13_session1_set2_run1	4	Response	1	2266145	277823	0
S13_session1_set2_run1	4	Pulse	1	2266145	277823	0
S13_session1_set2_run1	4	Response	1	2307235	318913	0
S13_session1_set2_run1	4	Pulse	1	2307235	318913	0
S13_session1_set2_run1	4	Response	1	2348325	360003	0
S13_session1_set2_run1	4	Pulse	1	2348325	360003	0
S13_session1_set2_run1	4	Response	1	2389400	401079	15
S13_session1_set2_run1	4	Pulse	1	2389400	401079	15
S13_session1_set2_run1	4	Response	1	2430505	442183	0
S13_session1_set2_run1	4	Pulse	1	2430505	442183	0
S13_session1_set2_run1	4	Response	1	2471595	483273	0
S13_session1_set2_run1	4	Pulse	1	2471595	483273	0
S13_session1_set2_run1	4	Response	1	2512685	524363	0
S13_session1_set2_run1	4	Pulse	1	2512685	524363	0
S13_session1_set2_run1	4	Response	1	2553775	565453	0
S13_session1_set2_run1	4	Pulse	1	2553775	565453	0
S13_session1_set2_run1	4	Response	1	2594865	606543	0
S13_session1_set2_run1	4	Pulse	1	2594865	606543	0
S13_session1_set2_run1	4	Response	1	2635955	647634	0
S13_session1_set2_run1	4	Pulse	1	2635955	647634	0
S13_session1_set2_run1	4	Response	1	2677045	688723	0
S13_session1_set2_run1	4	Pulse	1	2677045	688723	0
S13_session1_set2_run1	4	Response	1	2718135	729813	0
S13_session1_set2_run1	4	Pulse	1	2718135	729813	0
S13_session1_set2_run1	5	Picture	BL	2722473	0	1	609693	1	0	next	other	0
S13_session1_set2_run1	5	Response	1	2759225	36752	0
S13_session1_set2_run1	5	Pulse	1	2759225	36752	0
S13_session1_set2_run1	5	Response	1	2800315	77842	0
S13_session1_set2_run1	5	Pulse	1	2800315	77842	0
S13_session1_set2_run1	5	Response	1	2841405	118932	0
S13_session1_set2_run1	5	Pulse	1	2841405	118932	0
S13_session1_set2_run1	5	Video	Action5	2841508	119036	1			0		other	0
S13_session1_set2_run1	5	Response	1	2882495	160023	0
S13_session1_set2_run1	5	Pulse	1	2882495	160023	0
S13_session1_set2_run1	5	Response	1	2923585	201112	0
S13_session1_set2_run1	5	Pulse	1	2923585	201112	0
S13_session1_set2_run1	5	Response	1	2964675	242202	1
S13_session1_set2_run1	5	Pulse	1	2964675	242202	1
S13_session1_set2_run1	5	Response	1	3005765	283292	0
S13_session1_set2_run1	5	Pulse	1	3005765	283292	0
S13_session1_set2_run1	5	Response	1	3046855	324382	0
S13_session1_set2_run1	5	Pulse	1	3046855	324382	0
S13_session1_set2_run1	5	Response	1	3087945	365472	0
S13_session1_set2_run1	5	Pulse	1	3087945	365472	0
S13_session1_set2_run1	5	Response	1	3129025	406552	10
S13_session1_set2_run1	5	Pulse	1	3129025	406552	10
S13_session1_set2_run1	5	Response	1	3170125	447652	0
S13_session1_set2_run1	5	Pulse	1	3170125	447652	0
S13_session1_set2_run1	5	Response	1	3211215	488742	0
S13_session1_set2_run1	5	Pulse	1	3211215	488742	0
S13_session1_set2_run1	5	Response	1	3252304	529832	1
S13_session1_set2_run1	5	Pulse	1	3252304	529832	1
S13_session1_set2_run1	5	Response	1	3293395	570922	0
S13_session1_set2_run1	5	Pulse	1	3293395	570922	0
S13_session1_set2_run1	6	Picture	BL	3332166	0	1	525192	1	0	next	other	0
S13_session1_set2_run1	6	Response	1	3334484	2319	0
S13_session1_set2_run1	6	Pulse	1	3334484	2319	0
S13_session1_set2_run1	6	Response	1	3375574	43409	0
S13_session1_set2_run1	6	Pulse	1	3375574	43409	0
S13_session1_set2_run1	6	Response	1	3416664	84499	0
S13_session1_set2_run1	6	Pulse	1	3416664	84499	0
S13_session1_set2_run1	6	Video	Action6	3416750	84585	1			0		other	0
S13_session1_set2_run1	6	Response	1	3457755	125589	0
S13_session1_set2_run1	6	Pulse	1	3457755	125589	0
S13_session1_set2_run1	6	Response	1	3498845	166679	0
S13_session1_set2_run1	6	Pulse	1	3498845	166679	0
S13_session1_set2_run1	6	Response	1	3539935	207769	1
S13_session1_set2_run1	6	Pulse	1	3539935	207769	1
S13_session1_set2_run1	6	Response	1	3581024	248859	0
S13_session1_set2_run1	6	Pulse	1	3581024	248859	0
S13_session1_set2_run1	6	Response	1	3622104	289939	0
S13_session1_set2_run1	6	Pulse	1	3622104	289939	0
S13_session1_set2_run1	6	Response	1	3663195	331029	0
S13_session1_set2_run1	6	Pulse	1	3663195	331029	0
S13_session1_set2_run1	6	Response	1	3704284	372118	1
S13_session1_set2_run1	6	Pulse	1	3704284	372118	1
S13_session1_set2_run1	6	Response	1	3745374	413209	0
S13_session1_set2_run1	6	Pulse	1	3745374	413209	0
S13_session1_set2_run1	6	Response	1	3786464	454299	0
S13_session1_set2_run1	6	Pulse	1	3786464	454299	0
S13_session1_set2_run1	6	Response	1	3827554	495389	0
S13_session1_set2_run1	6	Pulse	1	3827554	495389	0
S13_session1_set2_run1	7	Picture	BL	3857358	0	1	714131	1	0	next	other	0
S13_session1_set2_run1	7	Response	1	3868644	11287	0
S13_session1_set2_run1	7	Pulse	1	3868644	11287	0
S13_session1_set2_run1	7	Response	1	3909734	52377	0
S13_session1_set2_run1	7	Pulse	1	3909734	52377	0
S13_session1_set2_run1	7	Response	1	3950824	93466	0
S13_session1_set2_run1	7	Pulse	1	3950824	93466	0
S13_session1_set2_run1	7	Video	Action7	3950868	93510	1			0		other	0
S13_session1_set2_run1	7	Response	1	3991914	134557	0
S13_session1_set2_run1	7	Pulse	1	3991914	134557	0
S13_session1_set2_run1	7	Response	1	4033004	175647	0
S13_session1_set2_run1	7	Pulse	1	4033004	175647	0
S13_session1_set2_run1	7	Response	1	4074094	216737	0
S13_session1_set2_run1	7	Pulse	1	4074094	216737	0
S13_session1_set2_run1	7	Response	1	4115184	257827	0
S13_session1_set2_run1	7	Pulse	1	4115184	257827	0
S13_session1_set2_run1	7	Response	1	4156274	298917	0
S13_session1_set2_run1	7	Pulse	1	4156274	298917	0
S13_session1_set2_run1	7	Response	1	4197365	340007	0
S13_session1_set2_run1	7	Pulse	1	4197365	340007	0
S13_session1_set2_run1	7	Response	1	4238454	381096	1
S13_session1_set2_run1	7	Pulse	1	4238454	381096	1
S13_session1_set2_run1	7	Response	1	4279544	422187	0
S13_session1_set2_run1	7	Pulse	1	4279544	422187	0
S13_session1_set2_run1	7	Response	1	4320634	463276	0
S13_session1_set2_run1	7	Pulse	1	4320634	463276	0
S13_session1_set2_run1	7	Response	1	4361725	504367	0
S13_session1_set2_run1	7	Pulse	1	4361725	504367	0
S13_session1_set2_run1	7	Response	1	4402814	545457	0
S13_session1_set2_run1	7	Pulse	1	4402814	545457	0
S13_session1_set2_run1	7	Response	1	4443904	586547	0
S13_session1_set2_run1	7	Pulse	1	4443904	586547	0
S13_session1_set2_run1	7	Response	1	4484994	627637	0
S13_session1_set2_run1	7	Pulse	1	4484994	627637	0
S13_session1_set2_run1	7	Response	1	4526084	668727	0
S13_session1_set2_run1	7	Pulse	1	4526084	668727	0
S13_session1_set2_run1	7	Response	1	4567174	709816	0
S13_session1_set2_run1	7	Pulse	1	4567174	709816	0
S13_session1_set2_run1	8	Picture	BL	4571489	0	1	769686	1	0	next	other	0
S13_session1_set2_run1	8	Response	1	4608264	36775	0
S13_session1_set2_run1	8	Pulse	1	4608264	36775	0
S13_session1_set2_run1	8	Response	1	4649354	77865	0
S13_session1_set2_run1	8	Pulse	1	4649354	77865	0
S13_session1_set2_run1	8	Response	1	4690444	118955	0
S13_session1_set2_run1	8	Pulse	1	4690444	118955	0
S13_session1_set2_run1	8	Video	Action8	4690524	119036	1			0		other	0
S13_session1_set2_run1	8	Response	1	4731534	160045	0
S13_session1_set2_run1	8	Pulse	1	4731534	160045	0
S13_session1_set2_run1	8	Response	1	4772624	201135	0
S13_session1_set2_run1	8	Pulse	1	4772624	201135	0
S13_session1_set2_run1	8	Response	1	4813714	242226	1
S13_session1_set2_run1	8	Pulse	1	4813714	242226	1
S13_session1_set2_run1	8	Response	1	4854804	283315	0
S13_session1_set2_run1	8	Pulse	1	4854804	283315	0
S13_session1_set2_run1	8	Response	1	4895894	324405	0
S13_session1_set2_run1	8	Pulse	1	4895894	324405	0
S13_session1_set2_run1	8	Response	1	4936984	365495	0
S13_session1_set2_run1	8	Pulse	1	4936984	365495	0
S13_session1_set2_run1	8	Response	1	4978061	406572	13
S13_session1_set2_run1	8	Pulse	1	4978061	406572	13
S13_session1_set2_run1	8	Response	1	5019164	447675	0
S13_session1_set2_run1	8	Pulse	1	5019164	447675	0
S13_session1_set2_run1	8	Response	1	5060254	488765	0
S13_session1_set2_run1	8	Pulse	1	5060254	488765	0
S13_session1_set2_run1	8	Response	1	5101344	529855	1
S13_session1_set2_run1	8	Pulse	1	5101344	529855	1
S13_session1_set2_run1	8	Response	1	5142434	570945	0
S13_session1_set2_run1	8	Pulse	1	5142434	570945	0
S13_session1_set2_run1	8	Response	1	5183524	612035	0
S13_session1_set2_run1	8	Pulse	1	5183524	612035	0
S13_session1_set2_run1	8	Response	1	5224614	653125	0
S13_session1_set2_run1	8	Pulse	1	5224614	653125	0
S13_session1_set2_run1	8	Response	1	5265704	694215	0
S13_session1_set2_run1	8	Pulse	1	5265704	694215	0
S13_session1_set2_run1	8	Response	1	5306794	735305	0
S13_session1_set2_run1	8	Pulse	1	5306794	735305	0
S13_session1_set2_run1	9	Picture	BL	5341175	0	1	529613	1	0	next	other	0
S13_session1_set2_run1	9	Response	1	5347884	6709	0
S13_session1_set2_run1	9	Pulse	1	5347884	6709	0
S13_session1_set2_run1	9	Response	1	5388974	47799	0
S13_session1_set2_run1	9	Pulse	1	5388974	47799	0
S13_session1_set2_run1	9	Response	1	5430063	88889	0
S13_session1_set2_run1	9	Pulse	1	5430063	88889	0
S13_session1_set2_run1	9	Video	Action9	5430097	88922	1			0		other	0
S13_session1_set2_run1	9	Response	1	5471144	129969	0
S13_session1_set2_run1	9	Pulse	1	5471144	129969	0
S13_session1_set2_run1	9	Response	1	5512234	171059	0
S13_session1_set2_run1	9	Pulse	1	5512234	171059	0
S13_session1_set2_run1	9	Response	1	5553324	212149	1
S13_session1_set2_run1	9	Pulse	1	5553324	212149	1
S13_session1_set2_run1	9	Response	1	5594414	253239	0
S13_session1_set2_run1	9	Pulse	1	5594414	253239	0
S13_session1_set2_run1	9	Response	1	5635504	294329	0
S13_session1_set2_run1	9	Pulse	1	5635504	294329	0
S13_session1_set2_run1	9	Response	1	5676593	335418	1
S13_session1_set2_run1	9	Pulse	1	5676593	335418	1
S13_session1_set2_run1	9	Response	1	5717677	376502	7
S13_session1_set2_run1	9	Pulse	1	5717677	376502	7
S13_session1_set2_run1	9	Response	1	5758774	417599	0
S13_session1_set2_run1	9	Pulse	1	5758774	417599	0
S13_session1_set2_run1	9	Response	1	5799864	458689	0
S13_session1_set2_run1	9	Pulse	1	5799864	458689	0
S13_session1_set2_run1	9	Response	1	5840954	499779	0
S13_session1_set2_run1	9	Pulse	1	5840954	499779	0
S13_session1_set2_run1	10	Picture	BL	5870788	0	1	1962500	1	0	next	other	0
S13_session1_set2_run1	10	Response	1	5882043	11255	0
S13_session1_set2_run1	10	Pulse	1	5882043	11255	0
S13_session1_set2_run1	10	Response	1	5923133	52345	0
S13_session1_set2_run1	10	Pulse	1	5923133	52345	0
S13_session1_set2_run1	10	Response	1	5964224	93436	0
S13_session1_set2_run1	10	Pulse	1	5964224	93436	0
S13_session1_set2_run1	10	Video	Action10	5964298	93510	1			0		other	0
S13_session1_set2_run1	10	Response	1	6005313	134525	0
S13_session1_set2_run1	10	Pulse	1	6005313	134525	0
S13_session1_set2_run1	10	Response	1	6046404	175616	0
S13_session1_set2_run1	10	Pulse	1	6046404	175616	0
S13_session1_set2_run1	10	Response	1	6087493	216705	1
S13_session1_set2_run1	10	Pulse	1	6087493	216705	1
S13_session1_set2_run1	10	Response	1	6128583	257795	0
S13_session1_set2_run1	10	Pulse	1	6128583	257795	0
S13_session1_set2_run1	10	Response	1	6169674	298886	0
S13_session1_set2_run1	10	Pulse	1	6169674	298886	0
S13_session1_set2_run1	10	Response	1	6210764	339976	0
S13_session1_set2_run1	10	Pulse	1	6210764	339976	0
S13_session1_set2_run1	10	Response	1	6251853	381065	1
S13_session1_set2_run1	10	Pulse	1	6251853	381065	1
S13_session1_set2_run1	10	Response	1	6292943	422155	0
S13_session1_set2_run1	10	Pulse	1	6292943	422155	0
S13_session1_set2_run1	10	Response	1	6334034	463246	0
S13_session1_set2_run1	10	Pulse	1	6334034	463246	0
S13_session1_set2_run1	10	Response	1	6375123	504335	1
S13_session1_set2_run1	10	Pulse	1	6375123	504335	1
S13_session1_set2_run1	10	Response	1	6416214	545426	0
S13_session1_set2_run1	10	Pulse	1	6416214	545426	0
S13_session1_set2_run1	10	Response	1	6457304	586516	0
S13_session1_set2_run1	10	Pulse	1	6457304	586516	0
S13_session1_set2_run1	10	Response	1	6498393	627605	0
S13_session1_set2_run1	10	Pulse	1	6498393	627605	0
S13_session1_set2_run1	10	Response	1	6539483	668695	0
S13_session1_set2_run1	10	Pulse	1	6539483	668695	0
S13_session1_set2_run1	10	Response	1	6580573	709785	0
S13_session1_set2_run1	10	Pulse	1	6580573	709785	0
S13_session1_set2_run1	10	Response	1	6621663	750875	0
S13_session1_set2_run1	10	Pulse	1	6621663	750875	0
S13_session1_set2_run1	10	Response	1	6662753	791965	0
S13_session1_set2_run1	10	Pulse	1	6662753	791965	0
S13_session1_set2_run1	10	Response	1	6703843	833055	0
S13_session1_set2_run1	10	Pulse	1	6703843	833055	0
S13_session1_set2_run1	10	Response	1	6744933	874145	0
S13_session1_set2_run1	10	Pulse	1	6744933	874145	0
S13_session1_set2_run1	10	Response	1	6786023	915235	0
S13_session1_set2_run1	10	Pulse	1	6786023	915235	0
S13_session1_set2_run1	10	Response	1	6827113	956325	0
S13_session1_set2_run1	10	Pulse	1	6827113	956325	0
S13_session1_set2_run1	10	Response	1	6868203	997415	0
S13_session1_set2_run1	10	Pulse	1	6868203	997415	0
S13_session1_set2_run1	10	Response	1	7170693	1299905	0
S13_session1_set2_run1	10	Pulse	1	7170693	1299905	0
S13_session1_set2_run1	10	Response	1	7211783	1340995	0
S13_session1_set2_run1	10	Pulse	1	7211783	1340995	0
S13_session1_set2_run1	10	Response	1	7252873	1382085	0
S13_session1_set2_run1	10	Pulse	1	7252873	1382085	0
S13_session1_set2_run1	10	Response	1	7293963	1423175	0
S13_session1_set2_run1	10	Pulse	1	7293963	1423175	0
S13_session1_set2_run1	10	Response	1	7335053	1464265	0
S13_session1_set2_run1	10	Pulse	1	7335053	1464265	0
S13_session1_set2_run1	10	Quit		7812023	1941235	NA


video summary
filename	start frame	end frame	frames presented	frames dropped	start time	end time	duration
H:\SBL\1.ActionPrediction_June2017\Stimuli\S12letterD.avi	1	1050	1008	42	458291	878295	420003
H:\SBL\1.ActionPrediction_June2017\Stimuli\S14nailD.avi	1	1225	1176	49	992409	1482482	490073
H:\SBL\1.ActionPrediction_June2017\Stimuli\M12letterD.avi	1	1050	1008	42	1567734	1987738	420003
H:\SBL\1.ActionPrediction_June2017\Stimuli\S15juiceD.avi	1	1550	1488	62	2101852	2721889	620037
H:\SBL\1.ActionPrediction_June2017\Stimuli\M14nailD.avi	1	1225	1176	49	2841508	3331498	489990
H:\SBL\1.ActionPrediction_June2017\Stimuli\S17pillowD.avi	1	1100	1056	44	3416750	3856774	440023
H:\SBL\1.ActionPrediction_June2017\Stimuli\M15juiceD.avi	1	1550	1488	62	3950868	4570905	620037
H:\SBL\1.ActionPrediction_June2017\Stimuli\S21toastD.avi	1	1625	1560	65	4690524	5340591	650067
H:\SBL\1.ActionPrediction_June2017\Stimuli\M17pillowD.avi	1	1100	1056	44	5430097	5870204	440107
H:\SBL\1.ActionPrediction_June2017\Stimuli\M21toastD.avi	1	1625	1560	65	5964298	6614365	650067


Event Type	Code	Type	Response	RT	RT Uncertainty	Time	Uncertainty	Duration	Uncertainty	ReqTime	ReqDur

Picture	BL	other				376626	1	502252	1	0	next
Video	Action1	other				458291	1			0
Picture	BL	other				878879	1	604188	1	0	next
Video	Action2	other				992409	1			0
Picture	BL	other				1483066	1	505255	1	0	next
Video	Action3	other				1567734	1			0
Picture	BL	other				1988322	1	734151	1	0	next
Video	Action4	other				2101852	1			0
Picture	BL	other				2722473	1	609693	1	0	next
Video	Action5	other				2841508	1			0
Picture	BL	other				3332166	1	525192	1	0	next
Video	Action6	other				3416750	1			0
Picture	BL	other				3857358	1	714131	1	0	next
Video	Action7	other				3950868	1			0
Picture	BL	other				4571489	1	769686	1	0	next
Video	Action8	other				4690524	1			0
Picture	BL	other				5341175	1	529613	1	0	next
Video	Action9	other				5430097	1			0
Picture	BL	other				5870788	1	1962500	1	0	next
Video	Action10	other				5964298	1			0
