Scenario - Set3
Logfile written - 08/17/2018 15:23:32

Subject	Trial	Event Type	Code	Time	TTime	Uncertainty	Duration	Uncertainty	ReqTime	ReqDur	Stim Type	Pair Index

S12_session2_set3_run2	0	Response	1	352982	352982	0
S12_session2_set3_run2	0	Pulse	1	352982	352982	0
S12_session2_set3_run2	0	Response	1	394071	394071	0
S12_session2_set3_run2	0	Pulse	1	394071	394071	0
S12_session2_set3_run2	1	Picture	BL	394727	0	1	462295	1	0	next	other	0
S12_session2_set3_run2	1	Response	1	435161	40434	0
S12_session2_set3_run2	1	Pulse	1	435161	40434	0
S12_session2_set3_run2	1	Response	1	476252	81525	0
S12_session2_set3_run2	1	Pulse	1	476252	81525	0
S12_session2_set3_run2	1	Video	Action1	476309	81581	1			0		other	0
S12_session2_set3_run2	1	Response	1	517342	122614	0
S12_session2_set3_run2	1	Pulse	1	517342	122614	0
S12_session2_set3_run2	1	Response	1	558432	163704	0
S12_session2_set3_run2	1	Pulse	1	558432	163704	0
S12_session2_set3_run2	1	Response	1	599521	204794	0
S12_session2_set3_run2	1	Pulse	1	599521	204794	0
S12_session2_set3_run2	1	Response	1	640611	245884	0
S12_session2_set3_run2	1	Pulse	1	640611	245884	0
S12_session2_set3_run2	1	Response	1	681701	286974	0
S12_session2_set3_run2	1	Pulse	1	681701	286974	0
S12_session2_set3_run2	1	Response	1	722791	328064	0
S12_session2_set3_run2	1	Pulse	1	722791	328064	0
S12_session2_set3_run2	1	Response	1	763872	369144	10
S12_session2_set3_run2	1	Pulse	1	763872	369144	10
S12_session2_set3_run2	1	Response	1	804971	410244	0
S12_session2_set3_run2	1	Pulse	1	804971	410244	0
S12_session2_set3_run2	1	Response	1	846061	451334	0
S12_session2_set3_run2	1	Pulse	1	846061	451334	0
S12_session2_set3_run2	2	Picture	BL	857022	0	1	753086	1	0	next	other	0
S12_session2_set3_run2	2	Response	1	887151	30128	0
S12_session2_set3_run2	2	Pulse	1	887151	30128	0
S12_session2_set3_run2	2	Response	1	928241	71218	0
S12_session2_set3_run2	2	Pulse	1	928241	71218	0
S12_session2_set3_run2	2	Response	1	969331	112308	0
S12_session2_set3_run2	2	Pulse	1	969331	112308	0
S12_session2_set3_run2	2	Video	Action2	969385	112362	1			0		other	0
S12_session2_set3_run2	2	Response	1	1010421	153398	0
S12_session2_set3_run2	2	Pulse	1	1010421	153398	0
S12_session2_set3_run2	2	Response	1	1051511	194488	0
S12_session2_set3_run2	2	Pulse	1	1051511	194488	0
S12_session2_set3_run2	2	Response	1	1092601	235578	0
S12_session2_set3_run2	2	Pulse	1	1092601	235578	0
S12_session2_set3_run2	2	Response	1	1133691	276668	0
S12_session2_set3_run2	2	Pulse	1	1133691	276668	0
S12_session2_set3_run2	2	Response	1	1174781	317759	0
S12_session2_set3_run2	2	Pulse	1	1174781	317759	0
S12_session2_set3_run2	2	Response	1	1215871	358848	0
S12_session2_set3_run2	2	Pulse	1	1215871	358848	0
S12_session2_set3_run2	2	Response	1	1256948	399925	14
S12_session2_set3_run2	2	Pulse	1	1256948	399925	14
S12_session2_set3_run2	2	Response	1	1298050	441028	0
S12_session2_set3_run2	2	Pulse	1	1298050	441028	0
S12_session2_set3_run2	2	Response	1	1339140	482118	0
S12_session2_set3_run2	2	Pulse	1	1339140	482118	0
S12_session2_set3_run2	2	Response	1	1380230	523208	0
S12_session2_set3_run2	2	Pulse	1	1380230	523208	0
S12_session2_set3_run2	2	Response	1	1421320	564298	0
S12_session2_set3_run2	2	Pulse	1	1421320	564298	0
S12_session2_set3_run2	2	Response	1	1462410	605388	0
S12_session2_set3_run2	2	Pulse	1	1462410	605388	0
S12_session2_set3_run2	2	Response	1	1503501	646478	0
S12_session2_set3_run2	2	Pulse	1	1503501	646478	0
S12_session2_set3_run2	2	Response	1	1544590	687567	1
S12_session2_set3_run2	2	Pulse	1	1544590	687567	1
S12_session2_set3_run2	2	Response	1	1585680	728658	0
S12_session2_set3_run2	2	Pulse	1	1585680	728658	0
S12_session2_set3_run2	3	Picture	BL	1610108	0	1	479646	1	0	next	other	0
S12_session2_set3_run2	3	Response	1	1626770	16661	0
S12_session2_set3_run2	3	Pulse	1	1626770	16661	0
S12_session2_set3_run2	3	Response	1	1667859	57751	0
S12_session2_set3_run2	3	Pulse	1	1667859	57751	0
S12_session2_set3_run2	3	Response	1	1708950	98841	0
S12_session2_set3_run2	3	Pulse	1	1708950	98841	0
S12_session2_set3_run2	3	Video	Action3	1709040	98932	1			0		other	0
S12_session2_set3_run2	3	Response	1	1750040	139931	0
S12_session2_set3_run2	3	Pulse	1	1750040	139931	0
S12_session2_set3_run2	3	Response	1	1791130	181021	0
S12_session2_set3_run2	3	Pulse	1	1791130	181021	0
S12_session2_set3_run2	3	Response	1	1832220	222111	0
S12_session2_set3_run2	3	Pulse	1	1832220	222111	0
S12_session2_set3_run2	3	Response	1	1873309	263201	0
S12_session2_set3_run2	3	Pulse	1	1873309	263201	0
S12_session2_set3_run2	3	Response	1	1914399	304291	0
S12_session2_set3_run2	3	Pulse	1	1914399	304291	0
S12_session2_set3_run2	3	Response	1	1955489	345381	0
S12_session2_set3_run2	3	Pulse	1	1955489	345381	0
S12_session2_set3_run2	3	Response	1	1996568	386459	13
S12_session2_set3_run2	3	Pulse	1	1996568	386459	13
S12_session2_set3_run2	3	Response	1	2037669	427561	0
S12_session2_set3_run2	3	Pulse	1	2037669	427561	0
S12_session2_set3_run2	3	Response	1	2078749	468641	0
S12_session2_set3_run2	3	Pulse	1	2078749	468641	0
S12_session2_set3_run2	4	Picture	BL	2089754	0	1	943025	1	0	next	other	0
S12_session2_set3_run2	4	Response	1	2119839	30085	0
S12_session2_set3_run2	4	Pulse	1	2119839	30085	0
S12_session2_set3_run2	4	Response	1	2160929	71175	0
S12_session2_set3_run2	4	Pulse	1	2160929	71175	0
S12_session2_set3_run2	4	Response	1	2202019	112265	0
S12_session2_set3_run2	4	Pulse	1	2202019	112265	0
S12_session2_set3_run2	4	Video	Action4	2202116	112362	1			0		other	0
S12_session2_set3_run2	4	Response	1	2243109	153355	0
S12_session2_set3_run2	4	Pulse	1	2243109	153355	0
S12_session2_set3_run2	4	Response	1	2284199	194445	0
S12_session2_set3_run2	4	Pulse	1	2284199	194445	0
S12_session2_set3_run2	4	Response	1	2325289	235535	1
S12_session2_set3_run2	4	Pulse	1	2325289	235535	1
S12_session2_set3_run2	4	Response	1	2366379	276625	0
S12_session2_set3_run2	4	Pulse	1	2366379	276625	0
S12_session2_set3_run2	4	Response	1	2407469	317715	0
S12_session2_set3_run2	4	Pulse	1	2407469	317715	0
S12_session2_set3_run2	4	Response	1	2448558	358804	0
S12_session2_set3_run2	4	Pulse	1	2448558	358804	0
S12_session2_set3_run2	4	Response	1	2489648	399894	1
S12_session2_set3_run2	4	Pulse	1	2489648	399894	1
S12_session2_set3_run2	4	Response	1	2530738	440984	0
S12_session2_set3_run2	4	Pulse	1	2530738	440984	0
S12_session2_set3_run2	4	Response	1	2571828	482074	0
S12_session2_set3_run2	4	Pulse	1	2571828	482074	0
S12_session2_set3_run2	4	Response	1	2612918	523164	1
S12_session2_set3_run2	4	Pulse	1	2612918	523164	1
S12_session2_set3_run2	4	Response	1	2654008	564254	0
S12_session2_set3_run2	4	Pulse	1	2654008	564254	0
S12_session2_set3_run2	4	Response	1	2695098	605344	0
S12_session2_set3_run2	4	Pulse	1	2695098	605344	0
S12_session2_set3_run2	4	Response	1	2736188	646434	0
S12_session2_set3_run2	4	Pulse	1	2736188	646434	0
S12_session2_set3_run2	4	Response	1	2777278	687524	0
S12_session2_set3_run2	4	Pulse	1	2777278	687524	0
S12_session2_set3_run2	4	Response	1	2818368	728614	0
S12_session2_set3_run2	4	Pulse	1	2818368	728614	0
S12_session2_set3_run2	4	Response	1	2859457	769703	0
S12_session2_set3_run2	4	Pulse	1	2859457	769703	0
S12_session2_set3_run2	4	Response	1	2900548	810794	0
S12_session2_set3_run2	4	Pulse	1	2900548	810794	0
S12_session2_set3_run2	4	Response	1	2941632	851878	6
S12_session2_set3_run2	4	Pulse	1	2941632	851878	6
S12_session2_set3_run2	4	Response	1	2982727	892973	0
S12_session2_set3_run2	4	Pulse	1	2982727	892973	0
S12_session2_set3_run2	4	Response	1	3023817	934063	0
S12_session2_set3_run2	4	Pulse	1	3023817	934063	0
S12_session2_set3_run2	5	Picture	BL	3032779	0	1	755087	1	0	next	other	0
S12_session2_set3_run2	5	Response	1	3064907	32128	0
S12_session2_set3_run2	5	Pulse	1	3064907	32128	0
S12_session2_set3_run2	5	Response	1	3105997	73218	0
S12_session2_set3_run2	5	Pulse	1	3105997	73218	0
S12_session2_set3_run2	5	Response	1	3147087	114308	0
S12_session2_set3_run2	5	Pulse	1	3147087	114308	0
S12_session2_set3_run2	5	Video	Action5	3147144	114364	1			0		other	0
S12_session2_set3_run2	5	Response	1	3188177	155398	0
S12_session2_set3_run2	5	Pulse	1	3188177	155398	0
S12_session2_set3_run2	5	Response	1	3229267	196488	0
S12_session2_set3_run2	5	Pulse	1	3229267	196488	0
S12_session2_set3_run2	5	Response	1	3270357	237578	0
S12_session2_set3_run2	5	Pulse	1	3270357	237578	0
S12_session2_set3_run2	5	Response	1	3311447	278668	0
S12_session2_set3_run2	5	Pulse	1	3311447	278668	0
S12_session2_set3_run2	5	Response	1	3352537	319758	0
S12_session2_set3_run2	5	Pulse	1	3352537	319758	0
S12_session2_set3_run2	5	Response	1	3393627	360848	0
S12_session2_set3_run2	5	Pulse	1	3393627	360848	0
S12_session2_set3_run2	5	Response	1	3434717	401937	0
S12_session2_set3_run2	5	Pulse	1	3434717	401937	0
S12_session2_set3_run2	5	Response	1	3475807	443028	0
S12_session2_set3_run2	5	Pulse	1	3475807	443028	0
S12_session2_set3_run2	5	Response	1	3516897	484117	0
S12_session2_set3_run2	5	Pulse	1	3516897	484117	0
S12_session2_set3_run2	5	Response	1	3557987	525207	0
S12_session2_set3_run2	5	Pulse	1	3557987	525207	0
S12_session2_set3_run2	5	Response	1	3599077	566297	0
S12_session2_set3_run2	5	Pulse	1	3599077	566297	0
S12_session2_set3_run2	5	Response	1	3640167	607387	0
S12_session2_set3_run2	5	Pulse	1	3640167	607387	0
S12_session2_set3_run2	5	Response	1	3681257	648477	0
S12_session2_set3_run2	5	Pulse	1	3681257	648477	0
S12_session2_set3_run2	5	Response	1	3722346	689567	1
S12_session2_set3_run2	5	Pulse	1	3722346	689567	1
S12_session2_set3_run2	5	Response	1	3763436	730657	0
S12_session2_set3_run2	5	Pulse	1	3763436	730657	0
S12_session2_set3_run2	6	Picture	BL	3787867	0	1	599599	1	0	next	other	0
S12_session2_set3_run2	6	Response	1	3804526	16659	0
S12_session2_set3_run2	6	Pulse	1	3804526	16659	0
S12_session2_set3_run2	6	Response	1	3845616	57749	0
S12_session2_set3_run2	6	Pulse	1	3845616	57749	0
S12_session2_set3_run2	6	Response	1	3886696	98829	0
S12_session2_set3_run2	6	Pulse	1	3886696	98829	0
S12_session2_set3_run2	6	Video	Action6	3886799	98932	1			0		other	0
S12_session2_set3_run2	6	Response	1	3927786	139919	0
S12_session2_set3_run2	6	Pulse	1	3927786	139919	0
S12_session2_set3_run2	6	Response	1	3968876	181009	0
S12_session2_set3_run2	6	Pulse	1	3968876	181009	0
S12_session2_set3_run2	6	Response	1	4009966	222099	0
S12_session2_set3_run2	6	Pulse	1	4009966	222099	0
S12_session2_set3_run2	6	Response	1	4051056	263190	0
S12_session2_set3_run2	6	Pulse	1	4051056	263190	0
S12_session2_set3_run2	6	Response	1	4092146	304279	0
S12_session2_set3_run2	6	Pulse	1	4092146	304279	0
S12_session2_set3_run2	6	Response	1	4133236	345369	0
S12_session2_set3_run2	6	Pulse	1	4133236	345369	0
S12_session2_set3_run2	6	Response	1	4174325	386458	1
S12_session2_set3_run2	6	Pulse	1	4174325	386458	1
S12_session2_set3_run2	6	Response	1	4215416	427549	0
S12_session2_set3_run2	6	Pulse	1	4215416	427549	0
S12_session2_set3_run2	6	Response	1	4256506	468639	0
S12_session2_set3_run2	6	Pulse	1	4256506	468639	0
S12_session2_set3_run2	6	Response	1	4297595	509729	0
S12_session2_set3_run2	6	Pulse	1	4297595	509729	0
S12_session2_set3_run2	6	Response	1	4338685	550818	0
S12_session2_set3_run2	6	Pulse	1	4338685	550818	0
S12_session2_set3_run2	6	Response	1	4379775	591909	0
S12_session2_set3_run2	6	Pulse	1	4379775	591909	0
S12_session2_set3_run2	7	Picture	BL	4387466	0	1	946362	1	0	next	other	0
S12_session2_set3_run2	7	Response	1	4420865	33399	0
S12_session2_set3_run2	7	Pulse	1	4420865	33399	0
S12_session2_set3_run2	7	Response	1	4461955	74489	0
S12_session2_set3_run2	7	Pulse	1	4461955	74489	0
S12_session2_set3_run2	7	Response	1	4503045	115579	0
S12_session2_set3_run2	7	Pulse	1	4503045	115579	0
S12_session2_set3_run2	7	Video	Action7	4503081	115616	1			0		other	0
S12_session2_set3_run2	7	Response	1	4544136	156670	0
S12_session2_set3_run2	7	Pulse	1	4544136	156670	0
S12_session2_set3_run2	7	Response	1	4585225	197759	0
S12_session2_set3_run2	7	Pulse	1	4585225	197759	0
S12_session2_set3_run2	7	Response	1	4626315	238849	0
S12_session2_set3_run2	7	Pulse	1	4626315	238849	0
S12_session2_set3_run2	7	Response	1	4667405	279939	0
S12_session2_set3_run2	7	Pulse	1	4667405	279939	0
S12_session2_set3_run2	7	Response	1	4708495	321029	0
S12_session2_set3_run2	7	Pulse	1	4708495	321029	0
S12_session2_set3_run2	7	Response	1	4749585	362119	0
S12_session2_set3_run2	7	Pulse	1	4749585	362119	0
S12_session2_set3_run2	7	Response	1	4790674	403208	1
S12_session2_set3_run2	7	Pulse	1	4790674	403208	1
S12_session2_set3_run2	7	Response	1	4831764	444299	0
S12_session2_set3_run2	7	Pulse	1	4831764	444299	0
S12_session2_set3_run2	7	Response	1	4872854	485389	0
S12_session2_set3_run2	7	Pulse	1	4872854	485389	0
S12_session2_set3_run2	7	Response	1	4913944	526479	0
S12_session2_set3_run2	7	Pulse	1	4913944	526479	0
S12_session2_set3_run2	7	Response	1	4955034	567568	0
S12_session2_set3_run2	7	Pulse	1	4955034	567568	0
S12_session2_set3_run2	7	Response	1	4996124	608659	0
S12_session2_set3_run2	7	Pulse	1	4996124	608659	0
S12_session2_set3_run2	7	Response	1	5037214	649749	0
S12_session2_set3_run2	7	Pulse	1	5037214	649749	0
S12_session2_set3_run2	7	Response	1	5078305	690839	1
S12_session2_set3_run2	7	Pulse	1	5078305	690839	1
S12_session2_set3_run2	7	Response	1	5119394	731928	0
S12_session2_set3_run2	7	Pulse	1	5119394	731928	0
S12_session2_set3_run2	7	Response	1	5160484	773018	0
S12_session2_set3_run2	7	Pulse	1	5160484	773018	0
S12_session2_set3_run2	7	Response	1	5201575	814109	0
S12_session2_set3_run2	7	Pulse	1	5201575	814109	0
S12_session2_set3_run2	7	Response	1	5242663	855198	1
S12_session2_set3_run2	7	Pulse	1	5242663	855198	1
S12_session2_set3_run2	7	Response	1	5283754	896288	0
S12_session2_set3_run2	7	Pulse	1	5283754	896288	0
S12_session2_set3_run2	7	Response	1	5324844	937378	0
S12_session2_set3_run2	7	Pulse	1	5324844	937378	0
S12_session2_set3_run2	8	Picture	BL	5333828	0	1	875041	1	0	next	other	0
S12_session2_set3_run2	8	Response	1	5365934	32106	0
S12_session2_set3_run2	8	Pulse	1	5365934	32106	0
S12_session2_set3_run2	8	Response	1	5407023	73195	0
S12_session2_set3_run2	8	Pulse	1	5407023	73195	0
S12_session2_set3_run2	8	Response	1	5448114	114286	0
S12_session2_set3_run2	8	Pulse	1	5448114	114286	0
S12_session2_set3_run2	8	Video	Action8	5448192	114364	1			0		other	0
S12_session2_set3_run2	8	Response	1	5489204	155376	0
S12_session2_set3_run2	8	Pulse	1	5489204	155376	0
S12_session2_set3_run2	8	Response	1	5530293	196465	0
S12_session2_set3_run2	8	Pulse	1	5530293	196465	0
S12_session2_set3_run2	8	Response	1	5571384	237556	1
S12_session2_set3_run2	8	Pulse	1	5571384	237556	1
S12_session2_set3_run2	8	Response	1	5612473	278646	0
S12_session2_set3_run2	8	Pulse	1	5612473	278646	0
S12_session2_set3_run2	8	Response	1	5653563	319735	0
S12_session2_set3_run2	8	Pulse	1	5653563	319735	0
S12_session2_set3_run2	8	Response	1	5694653	360825	0
S12_session2_set3_run2	8	Pulse	1	5694653	360825	0
S12_session2_set3_run2	8	Response	1	5735729	401901	14
S12_session2_set3_run2	8	Pulse	1	5735729	401901	14
S12_session2_set3_run2	8	Response	1	5776834	443006	0
S12_session2_set3_run2	8	Pulse	1	5776834	443006	0
S12_session2_set3_run2	8	Response	1	5817913	484085	0
S12_session2_set3_run2	8	Pulse	1	5817913	484085	0
S12_session2_set3_run2	8	Response	1	5859003	525175	0
S12_session2_set3_run2	8	Pulse	1	5859003	525175	0
S12_session2_set3_run2	8	Response	1	5900093	566265	0
S12_session2_set3_run2	8	Pulse	1	5900093	566265	0
S12_session2_set3_run2	8	Response	1	5941183	607355	0
S12_session2_set3_run2	8	Pulse	1	5941183	607355	0
S12_session2_set3_run2	8	Response	1	5982273	648445	0
S12_session2_set3_run2	8	Pulse	1	5982273	648445	0
S12_session2_set3_run2	8	Response	1	6023363	689535	0
S12_session2_set3_run2	8	Pulse	1	6023363	689535	0
S12_session2_set3_run2	8	Response	1	6064453	730625	0
S12_session2_set3_run2	8	Pulse	1	6064453	730625	0
S12_session2_set3_run2	8	Response	1	6105543	771715	0
S12_session2_set3_run2	8	Pulse	1	6105543	771715	0
S12_session2_set3_run2	8	Response	1	6146632	812804	0
S12_session2_set3_run2	8	Pulse	1	6146632	812804	0
S12_session2_set3_run2	8	Response	1	6187723	853895	0
S12_session2_set3_run2	8	Pulse	1	6187723	853895	0
S12_session2_set3_run2	9	Picture	BL	6208869	0	1	612862	1	0	next	other	0
S12_session2_set3_run2	9	Response	1	6228812	19944	0
S12_session2_set3_run2	9	Pulse	1	6228812	19944	0
S12_session2_set3_run2	9	Response	1	6269902	61033	0
S12_session2_set3_run2	9	Pulse	1	6269902	61033	0
S12_session2_set3_run2	9	Response	1	6310992	102124	0
S12_session2_set3_run2	9	Pulse	1	6310992	102124	0
S12_session2_set3_run2	9	Video	Action9	6311054	102185	1			0		other	0
S12_session2_set3_run2	9	Response	1	6352082	143214	0
S12_session2_set3_run2	9	Pulse	1	6352082	143214	0
S12_session2_set3_run2	9	Response	1	6393172	184303	0
S12_session2_set3_run2	9	Pulse	1	6393172	184303	0
S12_session2_set3_run2	9	Response	1	6434262	225393	0
S12_session2_set3_run2	9	Pulse	1	6434262	225393	0
S12_session2_set3_run2	9	Response	1	6475352	266483	0
S12_session2_set3_run2	9	Pulse	1	6475352	266483	0
S12_session2_set3_run2	9	Response	1	6516442	307573	0
S12_session2_set3_run2	9	Pulse	1	6516442	307573	0
S12_session2_set3_run2	9	Response	1	6557532	348663	0
S12_session2_set3_run2	9	Pulse	1	6557532	348663	0
S12_session2_set3_run2	9	Response	1	6598615	389747	7
S12_session2_set3_run2	9	Pulse	1	6598615	389747	7
S12_session2_set3_run2	9	Response	1	6639712	430843	0
S12_session2_set3_run2	9	Pulse	1	6639712	430843	0
S12_session2_set3_run2	9	Response	1	6680802	471933	0
S12_session2_set3_run2	9	Pulse	1	6680802	471933	0
S12_session2_set3_run2	9	Response	1	6721891	513023	0
S12_session2_set3_run2	9	Pulse	1	6721891	513023	0
S12_session2_set3_run2	9	Response	1	6762982	554113	0
S12_session2_set3_run2	9	Pulse	1	6762982	554113	0
S12_session2_set3_run2	9	Response	1	6804071	595203	0
S12_session2_set3_run2	9	Pulse	1	6804071	595203	0
S12_session2_set3_run2	10	Picture	BL	6821731	0	1	5336555	1	0	next	other	0
S12_session2_set3_run2	10	Response	1	6845161	23430	0
S12_session2_set3_run2	10	Pulse	1	6845161	23430	0
S12_session2_set3_run2	10	Response	1	6886251	64520	0
S12_session2_set3_run2	10	Pulse	1	6886251	64520	0
S12_session2_set3_run2	10	Response	1	6927341	105610	0
S12_session2_set3_run2	10	Pulse	1	6927341	105610	0
S12_session2_set3_run2	10	Video	Action10	6927420	105689	1			0		other	0
S12_session2_set3_run2	10	Response	1	6968431	146700	0
S12_session2_set3_run2	10	Pulse	1	6968431	146700	0
S12_session2_set3_run2	10	Response	1	7009521	187790	0
S12_session2_set3_run2	10	Pulse	1	7009521	187790	0
S12_session2_set3_run2	10	Response	1	7050612	228881	0
S12_session2_set3_run2	10	Pulse	1	7050612	228881	0
S12_session2_set3_run2	10	Response	1	7091701	269970	0
S12_session2_set3_run2	10	Pulse	1	7091701	269970	0
S12_session2_set3_run2	10	Response	1	7132791	311060	0
S12_session2_set3_run2	10	Pulse	1	7132791	311060	0
S12_session2_set3_run2	10	Response	1	7173881	352150	0
S12_session2_set3_run2	10	Pulse	1	7173881	352150	0
S12_session2_set3_run2	10	Response	1	7214970	393240	1
S12_session2_set3_run2	10	Pulse	1	7214970	393240	1
S12_session2_set3_run2	10	Response	1	7256061	434330	0
S12_session2_set3_run2	10	Pulse	1	7256061	434330	0
S12_session2_set3_run2	10	Response	1	7297151	475420	0
S12_session2_set3_run2	10	Pulse	1	7297151	475420	0
S12_session2_set3_run2	10	Response	1	7338241	516510	1
S12_session2_set3_run2	10	Pulse	1	7338241	516510	1
S12_session2_set3_run2	10	Response	1	7379330	557600	0
S12_session2_set3_run2	10	Pulse	1	7379330	557600	0
S12_session2_set3_run2	10	Response	1	7420420	598690	0
S12_session2_set3_run2	10	Pulse	1	7420420	598690	0
S12_session2_set3_run2	10	Response	1	7461511	639780	0
S12_session2_set3_run2	10	Pulse	1	7461511	639780	0
S12_session2_set3_run2	10	Response	1	7502601	680870	1
S12_session2_set3_run2	10	Pulse	1	7502601	680870	1
S12_session2_set3_run2	10	Response	1	7543690	721959	0
S12_session2_set3_run2	10	Pulse	1	7543690	721959	0
S12_session2_set3_run2	10	Response	1	7584780	763049	0
S12_session2_set3_run2	10	Pulse	1	7584780	763049	0
S12_session2_set3_run2	10	Response	1	7625870	804139	0
S12_session2_set3_run2	10	Pulse	1	7625870	804139	0
S12_session2_set3_run2	10	Response	1	7666948	845217	2
S12_session2_set3_run2	10	Pulse	1	7666948	845217	2
S12_session2_set3_run2	10	Response	1	7708040	886309	0
S12_session2_set3_run2	10	Pulse	1	7708040	886309	0
S12_session2_set3_run2	10	Response	1	7749130	927399	0
S12_session2_set3_run2	10	Pulse	1	7749130	927399	0
S12_session2_set3_run2	10	Response	1	7790219	968489	0
S12_session2_set3_run2	10	Pulse	1	7790219	968489	0
S12_session2_set3_run2	10	Response	1	7831310	1009579	0
S12_session2_set3_run2	10	Pulse	1	7831310	1009579	0
S12_session2_set3_run2	10	Response	1	7872399	1050668	0
S12_session2_set3_run2	10	Pulse	1	7872399	1050668	0
S12_session2_set3_run2	10	Response	1	7913489	1091758	0
S12_session2_set3_run2	10	Pulse	1	7913489	1091758	0
S12_session2_set3_run2	10	Response	1	7954579	1132848	0
S12_session2_set3_run2	10	Pulse	1	7954579	1132848	0
S12_session2_set3_run2	10	Response	1	7995669	1173938	0
S12_session2_set3_run2	10	Pulse	1	7995669	1173938	0
S12_session2_set3_run2	10	Response	1	8036759	1215028	0
S12_session2_set3_run2	10	Pulse	1	8036759	1215028	0
S12_session2_set3_run2	10	Response	1	8077849	1256118	0
S12_session2_set3_run2	10	Pulse	1	8077849	1256118	0
S12_session2_set3_run2	10	Response	1	8118939	1297208	0
S12_session2_set3_run2	10	Pulse	1	8118939	1297208	0
S12_session2_set3_run2	10	Response	1	8420469	1598738	0
S12_session2_set3_run2	10	Pulse	1	8420469	1598738	0
S12_session2_set3_run2	10	Response	1	8461558	1639828	0
S12_session2_set3_run2	10	Pulse	1	8461558	1639828	0
S12_session2_set3_run2	10	Response	1	8502649	1680918	0
S12_session2_set3_run2	10	Pulse	1	8502649	1680918	0
S12_session2_set3_run2	10	Response	1	8543738	1722007	0
S12_session2_set3_run2	10	Pulse	1	8543738	1722007	0
S12_session2_set3_run2	10	Response	1	8584828	1763097	0
S12_session2_set3_run2	10	Pulse	1	8584828	1763097	0
S12_session2_set3_run2	10	Quit		12136303	5314572	NA


video summary
filename	start frame	end frame	frames presented	frames dropped	start time	end time	duration
H:\SBL\1.ActionPrediction_June2017\Stimuli\S22shirtD.avi	1	950	912	38	476309	856355	380046
H:\SBL\1.ActionPrediction_June2017\Stimuli\S18removerD.avi	1	1600	1536	64	969385	1609441	640056
H:\SBL\1.ActionPrediction_June2017\Stimuli\M22shirtD.avi	1	950	912	38	1709040	2089087	380046
H:\SBL\1.ActionPrediction_June2017\Stimuli\S16pencilD.avi	1	2075	1992	83	2202116	3032112	829996
H:\SBL\1.ActionPrediction_June2017\Stimuli\M18removerD.avi	1	1600	1536	64	3147144	3787200	640056
H:\SBL\1.ActionPrediction_June2017\Stimuli\S13lightD.avi	1	1250	1200	50	3886799	4386799	499999
H:\SBL\1.ActionPrediction_June2017\Stimuli\M16pencilD.avi	1	2075	1992	83	4503081	5333161	830079
H:\SBL\1.ActionPrediction_June2017\Stimuli\S19sandwichD.avi	1	1900	1824	76	5448192	6208201	760009
H:\SBL\1.ActionPrediction_June2017\Stimuli\M13lightD.avi	1	1275	1224	51	6311054	6821063	510009
H:\SBL\1.ActionPrediction_June2017\Stimuli\M19sandwichD.avi	1	1925	1848	77	6927420	7697439	770019


Event Type	Code	Type	Response	RT	RT Uncertainty	Time	Uncertainty	Duration	Uncertainty	ReqTime	ReqDur

Picture	BL	other				394727	1	462295	1	0	next
Video	Action1	other				476309	1			0
Picture	BL	other				857022	1	753086	1	0	next
Video	Action2	other				969385	1			0
Picture	BL	other				1610108	1	479646	1	0	next
Video	Action3	other				1709040	1			0
Picture	BL	other				2089754	1	943025	1	0	next
Video	Action4	other				2202116	1			0
Picture	BL	other				3032779	1	755087	1	0	next
Video	Action5	other				3147144	1			0
Picture	BL	other				3787867	1	599599	1	0	next
Video	Action6	other				3886799	1			0
Picture	BL	other				4387466	1	946362	1	0	next
Video	Action7	other				4503081	1			0
Picture	BL	other				5333828	1	875041	1	0	next
Video	Action8	other				5448192	1			0
Picture	BL	other				6208869	1	612862	1	0	next
Video	Action9	other				6311054	1			0
Picture	BL	other				6821731	1	5336555	1	0	next
Video	Action10	other				6927420	1			0
